#
# There is insufficient memory for the Java Runtime Environment to continue.
# Native memory allocation (malloc) failed to allocate 2097152 bytes for AllocateHeap
# Possible reasons:
#   The system is out of physical RAM or swap space
#   The process is running with CompressedOops enabled, and the Java Heap may be blocking the growth of the native heap
# Possible solutions:
#   Reduce memory load on the system
#   Increase physical memory or swap space
#   Check if swap backing store is full
#   Decrease Java heap size (-Xmx/-Xms)
#   Decrease number of Java threads
#   Decrease Java thread stack sizes (-Xss)
#   Set larger code cache with -XX:ReservedCodeCacheSize=
#   JVM is running with Unscaled Compressed Oops mode in which the Java heap is
#     placed in the first 4GB address space. The Java Heap base address is the
#     maximum limit for the native heap growth. Please use -XX:HeapBaseMinAddress
#     to set the Java Heap base and to place the Java Heap above 4GB virtual address.
# This output file may be truncated or incomplete.
#
#  Out of Memory Error (allocation.cpp:44), pid=15052, tid=5760
#
# JRE version: Java(TM) SE Runtime Environment (17.0.1+12) (build 17.0.1+12-LTS-39)
# Java VM: Java HotSpot(TM) 64-Bit Server VM (17.0.1+12-LTS-39, mixed mode, sharing, tiered, compressed oops, compressed class ptrs, g1 gc, windows-amd64)
# No core dump will be written. Minidumps are not enabled by default on client versions of Windows
#

---------------  S U M M A R Y ------------

Command Line: -Dmaven.multiModuleProjectDirectory=C:\load\Project\ethics-platform\spring -Dmaven.home=C:\Users\Catoblepas\.m2\wrapper\dists\apache-maven-3.5.0-bin\6ps54u5pnnbbpr6ds9rppcc7iv\apache-maven-3.5.0 -Dclassworlds.conf=C:\Users\Catoblepas\.m2\wrapper\dists\apache-maven-3.5.0-bin\6ps54u5pnnbbpr6ds9rppcc7iv\apache-maven-3.5.0\bin\m2.conf -Dmaven.ext.class.path=C:\Program Files\JetBrains\IntelliJ IDEA Community Edition 2022.1\plugins\maven\lib\maven-event-listener.jar -javaagent:C:\Program Files\JetBrains\IntelliJ IDEA Community Edition 2022.1\lib\idea_rt.jar=5581:C:\Program Files\JetBrains\IntelliJ IDEA Community Edition 2022.1\bin -Dfile.encoding=UTF-8 org.codehaus.classworlds.Launcher -Didea.version=2022.1 install

Host: Intel(R) Core(TM) i5-8250U CPU @ 1.60GHz, 8 cores, 7G,  Windows 10 , 64 bit Build 22000 (10.0.22000.708)
Time: Sun Jul  3 00:22:25 2022 Romance Daylight Time elapsed time: 9.439140 seconds (0d 0h 0m 9s)

---------------  T H R E A D  ---------------

Current thread (0x000001b96606d1f0):  VMThread "VM Thread" [stack: 0x000000a7e2200000,0x000000a7e2300000] [id=5760]

Stack: [0x000000a7e2200000,0x000000a7e2300000]
Native frames: (J=compiled Java code, j=interpreted, Vv=VM code, C=native code)
V  [jvm.dll+0x66fa1a]
V  [jvm.dll+0x7ce5a4]
V  [jvm.dll+0x7cfd4e]
V  [jvm.dll+0x7d03b3]
V  [jvm.dll+0x242b05]
V  [jvm.dll+0xa4673]
V  [jvm.dll+0x2f1bf1]
V  [jvm.dll+0x2eda40]
V  [jvm.dll+0x2d6247]
V  [jvm.dll+0x318da7]
V  [jvm.dll+0x7d484b]
V  [jvm.dll+0x7d5584]
V  [jvm.dll+0x7d5a9c]
V  [jvm.dll+0x7d5e74]
V  [jvm.dll+0x7d5f40]
V  [jvm.dll+0x77e91a]
V  [jvm.dll+0x66e845]
C  [ucrtbase.dll+0x26c0c]
C  [KERNEL32.DLL+0x154e0]
C  [ntdll.dll+0x485b]

VM_Operation (0x000000a7e1cfdf30): G1CollectFull, mode: safepoint, requested by thread 0x000001b947ff5bf0


---------------  P R O C E S S  ---------------

Threads class SMR info:
_java_thread_list=0x000001b969615c10, length=20, elements={
0x000001b947ff5bf0, 0x000001b966072d00, 0x000001b966073a80, 0x000001b96608f590,
0x000001b96608fe50, 0x000001b966094720, 0x000001b966094fe0, 0x000001b966096800,
0x000001b96609a6b0, 0x000001b9660a7a00, 0x000001b96605e770, 0x000001b966d0c780,
0x000001b966d0cc50, 0x000001b966f4ac20, 0x000001b967629970, 0x000001b969ee7c40,
0x000001b969ee6900, 0x000001b969ee6dd0, 0x000001b969ee72a0, 0x000001b969ee4750
}

Java Threads: ( => current thread )
  0x000001b947ff5bf0 JavaThread "main" [_thread_blocked, id=13604, stack(0x000000a7e1c00000,0x000000a7e1d00000)]
  0x000001b966072d00 JavaThread "Reference Handler" daemon [_thread_blocked, id=17656, stack(0x000000a7e2300000,0x000000a7e2400000)]
  0x000001b966073a80 JavaThread "Finalizer" daemon [_thread_blocked, id=17956, stack(0x000000a7e2400000,0x000000a7e2500000)]
  0x000001b96608f590 JavaThread "Signal Dispatcher" daemon [_thread_blocked, id=10212, stack(0x000000a7e2500000,0x000000a7e2600000)]
  0x000001b96608fe50 JavaThread "Attach Listener" daemon [_thread_blocked, id=11776, stack(0x000000a7e2600000,0x000000a7e2700000)]
  0x000001b966094720 JavaThread "Service Thread" daemon [_thread_blocked, id=10912, stack(0x000000a7e2700000,0x000000a7e2800000)]
  0x000001b966094fe0 JavaThread "Monitor Deflation Thread" daemon [_thread_blocked, id=10116, stack(0x000000a7e2800000,0x000000a7e2900000)]
  0x000001b966096800 JavaThread "C2 CompilerThread0" daemon [_thread_in_native, id=10192, stack(0x000000a7e2900000,0x000000a7e2a00000)]
  0x000001b96609a6b0 JavaThread "C1 CompilerThread0" daemon [_thread_blocked, id=6700, stack(0x000000a7e2a00000,0x000000a7e2b00000)]
  0x000001b9660a7a00 JavaThread "Sweeper thread" daemon [_thread_blocked, id=13240, stack(0x000000a7e2b00000,0x000000a7e2c00000)]
  0x000001b96605e770 JavaThread "Common-Cleaner" daemon [_thread_blocked, id=13324, stack(0x000000a7e2c00000,0x000000a7e2d00000)]
  0x000001b966d0c780 JavaThread "Monitor Ctrl-Break" daemon [_thread_in_native, id=2660, stack(0x000000a7e2d00000,0x000000a7e2e00000)]
  0x000001b966d0cc50 JavaThread "Notification Thread" daemon [_thread_blocked, id=17740, stack(0x000000a7e2e00000,0x000000a7e2f00000)]
  0x000001b966f4ac20 JavaThread "C2 CompilerThread1" daemon [_thread_blocked, id=15968, stack(0x000000a7e3000000,0x000000a7e3100000)]
  0x000001b967629970 JavaThread "C2 CompilerThread2" daemon [_thread_in_native, id=18116, stack(0x000000a7e3100000,0x000000a7e3200000)]
  0x000001b969ee7c40 JavaThread "resolver-1" daemon [_thread_blocked, id=11752, stack(0x000000a7e3b00000,0x000000a7e3c00000)]
  0x000001b969ee6900 JavaThread "resolver-2" daemon [_thread_blocked, id=11696, stack(0x000000a7e3c00000,0x000000a7e3d00000)]
  0x000001b969ee6dd0 JavaThread "resolver-3" daemon [_thread_blocked, id=9824, stack(0x000000a7e3d00000,0x000000a7e3e00000)]
  0x000001b969ee72a0 JavaThread "resolver-4" daemon [_thread_blocked, id=8420, stack(0x000000a7e3f00000,0x000000a7e4000000)]
  0x000001b969ee4750 JavaThread "resolver-5" daemon [_thread_blocked, id=2120, stack(0x000000a7e4000000,0x000000a7e4100000)]

Other Threads:
=>0x000001b96606d1f0 VMThread "VM Thread" [stack: 0x000000a7e2200000,0x000000a7e2300000] [id=5760]
  0x000001b948050b20 WatcherThread [stack: 0x000000a7e2f00000,0x000000a7e3000000] [id=14204]
  0x000001b948037a00 GCTaskThread "GC Thread#0" [stack: 0x000000a7e1d00000,0x000000a7e1e00000] [id=9952]
  0x000001b9678981a0 GCTaskThread "GC Thread#1" [stack: 0x000000a7e3200000,0x000000a7e3300000] [id=10548]
  0x000001b967a09860 GCTaskThread "GC Thread#2" [stack: 0x000000a7e3300000,0x000000a7e3400000] [id=1860]
  0x000001b96776d8d0 GCTaskThread "GC Thread#3" [stack: 0x000000a7e3400000,0x000000a7e3500000] [id=8352]
  0x000001b9678758f0 GCTaskThread "GC Thread#4" [stack: 0x000000a7e3500000,0x000000a7e3600000] [id=12336]
  0x000001b9677b6c90 GCTaskThread "GC Thread#5" [stack: 0x000000a7e3600000,0x000000a7e3700000] [id=13768]
  0x000001b9679d8180 GCTaskThread "GC Thread#6" [stack: 0x000000a7e3700000,0x000000a7e3800000] [id=11076]
  0x000001b9679bd940 GCTaskThread "GC Thread#7" [stack: 0x000000a7e3800000,0x000000a7e3900000] [id=16264]
  0x000001b9480495e0 ConcurrentGCThread "G1 Main Marker" [stack: 0x000000a7e1e00000,0x000000a7e1f00000] [id=13676]
  0x000001b94804a6a0 ConcurrentGCThread "G1 Conc#0" [stack: 0x000000a7e1f00000,0x000000a7e2000000] [id=17088]
  0x000001b967c139f0 ConcurrentGCThread "G1 Conc#1" [stack: 0x000000a7e3900000,0x000000a7e3a00000] [id=8472]
  0x000001b965f30090 ConcurrentGCThread "G1 Refine#0" [stack: 0x000000a7e2000000,0x000000a7e2100000] [id=3376]
  0x000001b96ac53e30 ConcurrentGCThread "G1 Refine#1" [stack: 0x000000a7e3a00000,0x000000a7e3b00000] [id=11092]
  0x000001b96c746e60 ConcurrentGCThread "G1 Refine#2" [stack: 0x000000a7e3e00000,0x000000a7e3f00000] [id=2852]
  0x000001b965f309c0 ConcurrentGCThread "G1 Service" [stack: 0x000000a7e2100000,0x000000a7e2200000] [id=17392]

Threads with active compile tasks:
C2 CompilerThread0     9455 8515   !   4       java.lang.ClassLoader::loadClass (121 bytes)
C1 CompilerThread0     9455 8855  s    1       java.lang.StringBuffer::length (5 bytes)
C2 CompilerThread2     9455 8715       4       org.apache.maven.artifact.versioning.ComparableVersion::parseVersion (389 bytes)

VM state: at safepoint (normal execution)

VM Mutex/Monitor currently owned by a thread:  ([mutex/lock_event])
[0x000001b947ff2620] Threads_lock - owner thread: 0x000001b96606d1f0
[0x000001b947ff21a0] Heap_lock - owner thread: 0x000001b947ff5bf0

Heap address: 0x0000000081400000, size: 2028 MB, Compressed Oops mode: 32-bit

CDS archive(s) mapped at: [0x0000000800000000-0x0000000800bc0000-0x0000000800bc0000), size 12320768, SharedBaseAddress: 0x0000000800000000, ArchiveRelocationMode: 0.
Compressed class space mapped at: 0x0000000800c00000-0x0000000840c00000, reserved size: 1073741824
Narrow klass base: 0x0000000800000000, Narrow klass shift: 0, Narrow klass range: 0x100000000

GC Precious Log:
 CPUs: 8 total, 8 available
 Memory: 8108M
 Large Page Support: Disabled
 NUMA Support: Disabled
 Compressed Oops: Enabled (32-bit)
 Heap Region Size: 1M
 Heap Min Capacity: 8M
 Heap Initial Capacity: 128M
 Heap Max Capacity: 2028M
 Pre-touch: Disabled
 Parallel Workers: 8
 Concurrent Workers: 2
 Concurrent Refinement Workers: 8
 Periodic GC: Disabled

Heap:
 garbage-first heap   total 208896K, used 87991K [0x0000000081400000, 0x0000000100000000)
  region size 1024K, 38 young (38912K), 15 survivors (15360K)
 Metaspace       used 32592K, committed 33024K, reserved 1081344K
  class space    used 3501K, committed 3712K, reserved 1048576K

Heap Regions: E=young(eden), S=young(survivor), O=old, HS=humongous(starts), HC=humongous(continues), CS=collection set, F=free, OA=open archive, CA=closed archive, TAMS=top-at-mark-start (previous, next)
|   0|0x0000000081400000, 0x0000000081500000, 0x0000000081500000|100%| O|  |TAMS 0x0000000081500000, 0x0000000081400000| Untracked 
|   1|0x0000000081500000, 0x0000000081600000, 0x0000000081600000|100%| O|  |TAMS 0x0000000081600000, 0x0000000081500000| Untracked 
|   2|0x0000000081600000, 0x0000000081700000, 0x0000000081700000|100%| O|  |TAMS 0x0000000081700000, 0x0000000081600000| Untracked 
|   3|0x0000000081700000, 0x0000000081800000, 0x0000000081800000|100%| O|  |TAMS 0x0000000081800000, 0x0000000081700000| Untracked 
|   4|0x0000000081800000, 0x0000000081900000, 0x0000000081900000|100%| O|  |TAMS 0x0000000081900000, 0x0000000081800000| Untracked 
|   5|0x0000000081900000, 0x0000000081a00000, 0x0000000081a00000|100%| O|  |TAMS 0x0000000081a00000, 0x0000000081900000| Untracked 
|   6|0x0000000081a00000, 0x0000000081b00000, 0x0000000081b00000|100%| O|  |TAMS 0x0000000081b00000, 0x0000000081a00000| Untracked 
|   7|0x0000000081b00000, 0x0000000081c00000, 0x0000000081c00000|100%| O|  |TAMS 0x0000000081c00000, 0x0000000081b00000| Untracked 
|   8|0x0000000081c00000, 0x0000000081d00000, 0x0000000081d00000|100%| O|  |TAMS 0x0000000081d00000, 0x0000000081c00000| Untracked 
|   9|0x0000000081d00000, 0x0000000081e00000, 0x0000000081e00000|100%| O|  |TAMS 0x0000000081e00000, 0x0000000081d00000| Untracked 
|  10|0x0000000081e00000, 0x0000000081f00000, 0x0000000081f00000|100%| O|  |TAMS 0x0000000081f00000, 0x0000000081e00000| Untracked 
|  11|0x0000000081f00000, 0x0000000082000000, 0x0000000082000000|100%| O|  |TAMS 0x0000000082000000, 0x0000000081f00000| Untracked 
|  12|0x0000000082000000, 0x0000000082100000, 0x0000000082100000|100%| O|  |TAMS 0x0000000082100000, 0x0000000082000000| Untracked 
|  13|0x0000000082100000, 0x0000000082100000, 0x0000000082200000|  0%| F|  |TAMS 0x0000000082100000, 0x0000000082100000| Untracked 
|  14|0x0000000082200000, 0x0000000082200000, 0x0000000082300000|  0%| F|  |TAMS 0x0000000082200000, 0x0000000082200000| Untracked 
|  15|0x0000000082300000, 0x0000000082300000, 0x0000000082400000|  0%| F|  |TAMS 0x0000000082300000, 0x0000000082300000| Untracked 
|  16|0x0000000082400000, 0x0000000082500000, 0x0000000082500000|100%|HS|  |TAMS 0x0000000082500000, 0x0000000082400000| Complete 
|  17|0x0000000082500000, 0x0000000082600000, 0x0000000082600000|100%|HC|  |TAMS 0x0000000082600000, 0x0000000082500000| Complete 
|  18|0x0000000082600000, 0x0000000082700000, 0x0000000082700000|100%|HC|  |TAMS 0x0000000082700000, 0x0000000082600000| Complete 
|  19|0x0000000082700000, 0x0000000082800000, 0x0000000082800000|100%| O|  |TAMS 0x0000000082800000, 0x0000000082700000| Untracked 
|  20|0x0000000082800000, 0x0000000082900000, 0x0000000082900000|100%| O|  |TAMS 0x0000000082900000, 0x0000000082800000| Untracked 
|  21|0x0000000082900000, 0x0000000082a00000, 0x0000000082a00000|100%| O|  |TAMS 0x0000000082a00000, 0x0000000082900000| Untracked 
|  22|0x0000000082a00000, 0x0000000082b00000, 0x0000000082b00000|100%| O|  |TAMS 0x0000000082b00000, 0x0000000082a00000| Untracked 
|  23|0x0000000082b00000, 0x0000000082c00000, 0x0000000082c00000|100%| O|  |TAMS 0x0000000082c00000, 0x0000000082b00000| Untracked 
|  24|0x0000000082c00000, 0x0000000082d00000, 0x0000000082d00000|100%| O|  |TAMS 0x0000000082d00000, 0x0000000082c00000| Untracked 
|  25|0x0000000082d00000, 0x0000000082e00000, 0x0000000082e00000|100%| O|  |TAMS 0x0000000082e00000, 0x0000000082d00000| Untracked 
|  26|0x0000000082e00000, 0x0000000082f00000, 0x0000000082f00000|100%| O|  |TAMS 0x0000000082f00000, 0x0000000082e00000| Untracked 
|  27|0x0000000082f00000, 0x0000000083000000, 0x0000000083000000|100%|HS|  |TAMS 0x0000000083000000, 0x0000000082f00000| Complete 
|  28|0x0000000083000000, 0x0000000083100000, 0x0000000083100000|100%| O|  |TAMS 0x0000000083100000, 0x0000000083000000| Untracked 
|  29|0x0000000083100000, 0x0000000083200000, 0x0000000083200000|100%| O|  |TAMS 0x0000000083200000, 0x0000000083100000| Untracked 
|  30|0x0000000083200000, 0x0000000083300000, 0x0000000083300000|100%| O|  |TAMS 0x0000000083300000, 0x0000000083200000| Untracked 
|  31|0x0000000083300000, 0x0000000083400000, 0x0000000083400000|100%| O|  |TAMS 0x0000000083400000, 0x0000000083300000| Untracked 
|  32|0x0000000083400000, 0x0000000083500000, 0x0000000083500000|100%| O|  |TAMS 0x0000000083500000, 0x0000000083400000| Untracked 
|  33|0x0000000083500000, 0x0000000083600000, 0x0000000083600000|100%| O|  |TAMS 0x0000000083600000, 0x0000000083500000| Untracked 
|  34|0x0000000083600000, 0x0000000083700000, 0x0000000083700000|100%| O|  |TAMS 0x0000000083700000, 0x0000000083600000| Untracked 
|  35|0x0000000083700000, 0x0000000083800000, 0x0000000083800000|100%| O|  |TAMS 0x0000000083800000, 0x0000000083700000| Untracked 
|  36|0x0000000083800000, 0x0000000083900000, 0x0000000083900000|100%| O|  |TAMS 0x0000000083900000, 0x0000000083800000| Untracked 
|  37|0x0000000083900000, 0x0000000083a00000, 0x0000000083a00000|100%| O|  |TAMS 0x0000000083a00000, 0x0000000083900000| Untracked 
|  38|0x0000000083a00000, 0x0000000083b00000, 0x0000000083b00000|100%| O|  |TAMS 0x0000000083b00000, 0x0000000083a00000| Untracked 
|  39|0x0000000083b00000, 0x0000000083c00000, 0x0000000083c00000|100%| O|  |TAMS 0x0000000083c00000, 0x0000000083b00000| Untracked 
|  40|0x0000000083c00000, 0x0000000083c57a00, 0x0000000083d00000| 34%| O|  |TAMS 0x0000000083c57a00, 0x0000000083c00000| Untracked 
|  41|0x0000000083d00000, 0x0000000083e00000, 0x0000000083e00000|100%|HS|  |TAMS 0x0000000083d00000, 0x0000000083d00000| Complete 
|  42|0x0000000083e00000, 0x0000000083f00000, 0x0000000083f00000|100%|HC|  |TAMS 0x0000000083e00000, 0x0000000083e00000| Complete 
|  43|0x0000000083f00000, 0x0000000084000000, 0x0000000084000000|100%|HC|  |TAMS 0x0000000083f00000, 0x0000000083f00000| Complete 
|  44|0x0000000084000000, 0x0000000084100000, 0x0000000084100000|100%| O|  |TAMS 0x0000000084000000, 0x0000000084000000| Untracked 
|  45|0x0000000084100000, 0x0000000084200000, 0x0000000084200000|100%| O|  |TAMS 0x0000000084100000, 0x0000000084100000| Untracked 
|  46|0x0000000084200000, 0x0000000084296200, 0x0000000084300000| 58%| O|  |TAMS 0x0000000084200000, 0x0000000084200000| Untracked 
|  47|0x0000000084300000, 0x0000000084300000, 0x0000000084400000|  0%| F|  |TAMS 0x0000000084300000, 0x0000000084300000| Untracked 
|  48|0x0000000084400000, 0x0000000084400000, 0x0000000084500000|  0%| F|  |TAMS 0x0000000084400000, 0x0000000084400000| Untracked 
|  49|0x0000000084500000, 0x0000000084500000, 0x0000000084600000|  0%| F|  |TAMS 0x0000000084500000, 0x0000000084500000| Untracked 
|  50|0x0000000084600000, 0x0000000084600000, 0x0000000084700000|  0%| F|  |TAMS 0x0000000084600000, 0x0000000084600000| Untracked 
|  51|0x0000000084700000, 0x0000000084700000, 0x0000000084800000|  0%| F|  |TAMS 0x0000000084700000, 0x0000000084700000| Untracked 
|  52|0x0000000084800000, 0x0000000084800000, 0x0000000084900000|  0%| F|  |TAMS 0x0000000084800000, 0x0000000084800000| Untracked 
|  53|0x0000000084900000, 0x0000000084900000, 0x0000000084a00000|  0%| F|  |TAMS 0x0000000084900000, 0x0000000084900000| Untracked 
|  54|0x0000000084a00000, 0x0000000084a00000, 0x0000000084b00000|  0%| F|  |TAMS 0x0000000084a00000, 0x0000000084a00000| Untracked 
|  55|0x0000000084b00000, 0x0000000084b00000, 0x0000000084c00000|  0%| F|  |TAMS 0x0000000084b00000, 0x0000000084b00000| Untracked 
|  56|0x0000000084c00000, 0x0000000084c00000, 0x0000000084d00000|  0%| F|  |TAMS 0x0000000084c00000, 0x0000000084c00000| Untracked 
|  57|0x0000000084d00000, 0x0000000084d00000, 0x0000000084e00000|  0%| F|  |TAMS 0x0000000084d00000, 0x0000000084d00000| Untracked 
|  58|0x0000000084e00000, 0x0000000084e00000, 0x0000000084f00000|  0%| F|  |TAMS 0x0000000084e00000, 0x0000000084e00000| Untracked 
|  59|0x0000000084f00000, 0x0000000084f00000, 0x0000000085000000|  0%| F|  |TAMS 0x0000000084f00000, 0x0000000084f00000| Untracked 
|  60|0x0000000085000000, 0x0000000085000000, 0x0000000085100000|  0%| F|  |TAMS 0x0000000085000000, 0x0000000085000000| Untracked 
|  61|0x0000000085100000, 0x0000000085100000, 0x0000000085200000|  0%| F|  |TAMS 0x0000000085100000, 0x0000000085100000| Untracked 
|  62|0x0000000085200000, 0x0000000085200000, 0x0000000085300000|  0%| F|  |TAMS 0x0000000085200000, 0x0000000085200000| Untracked 
|  63|0x0000000085300000, 0x0000000085300000, 0x0000000085400000|  0%| F|  |TAMS 0x0000000085300000, 0x0000000085300000| Untracked 
|  64|0x0000000085400000, 0x0000000085500000, 0x0000000085500000|100%| S|CS|TAMS 0x0000000085400000, 0x0000000085400000| Complete 
|  65|0x0000000085500000, 0x0000000085600000, 0x0000000085600000|100%| S|CS|TAMS 0x0000000085500000, 0x0000000085500000| Complete 
|  66|0x0000000085600000, 0x0000000085700000, 0x0000000085700000|100%| S|CS|TAMS 0x0000000085600000, 0x0000000085600000| Complete 
|  67|0x0000000085700000, 0x0000000085800000, 0x0000000085800000|100%| S|CS|TAMS 0x0000000085700000, 0x0000000085700000| Complete 
|  68|0x0000000085800000, 0x0000000085900000, 0x0000000085900000|100%| S|CS|TAMS 0x0000000085800000, 0x0000000085800000| Complete 
|  69|0x0000000085900000, 0x0000000085a00000, 0x0000000085a00000|100%| S|CS|TAMS 0x0000000085900000, 0x0000000085900000| Complete 
|  70|0x0000000085a00000, 0x0000000085b00000, 0x0000000085b00000|100%| S|CS|TAMS 0x0000000085a00000, 0x0000000085a00000| Complete 
|  71|0x0000000085b00000, 0x0000000085c00000, 0x0000000085c00000|100%| S|CS|TAMS 0x0000000085b00000, 0x0000000085b00000| Complete 
|  72|0x0000000085c00000, 0x0000000085d00000, 0x0000000085d00000|100%| S|CS|TAMS 0x0000000085c00000, 0x0000000085c00000| Complete 
|  73|0x0000000085d00000, 0x0000000085d00000, 0x0000000085e00000|  0%| F|  |TAMS 0x0000000085d00000, 0x0000000085d00000| Untracked 
|  74|0x0000000085e00000, 0x0000000085e00000, 0x0000000085f00000|  0%| F|  |TAMS 0x0000000085e00000, 0x0000000085e00000| Untracked 
|  75|0x0000000085f00000, 0x0000000085f00000, 0x0000000086000000|  0%| F|  |TAMS 0x0000000085f00000, 0x0000000085f00000| Untracked 
|  76|0x0000000086000000, 0x0000000086000000, 0x0000000086100000|  0%| F|  |TAMS 0x0000000086000000, 0x0000000086000000| Untracked 
|  77|0x0000000086100000, 0x0000000086100000, 0x0000000086200000|  0%| F|  |TAMS 0x0000000086100000, 0x0000000086100000| Untracked 
|  78|0x0000000086200000, 0x0000000086300000, 0x0000000086300000|100%| S|CS|TAMS 0x0000000086200000, 0x0000000086200000| Complete 
|  79|0x0000000086300000, 0x0000000086400000, 0x0000000086400000|100%| S|CS|TAMS 0x0000000086300000, 0x0000000086300000| Complete 
|  80|0x0000000086400000, 0x0000000086500000, 0x0000000086500000|100%| S|CS|TAMS 0x0000000086400000, 0x0000000086400000| Complete 
|  81|0x0000000086500000, 0x0000000086600000, 0x0000000086600000|100%| S|CS|TAMS 0x0000000086500000, 0x0000000086500000| Complete 
|  82|0x0000000086600000, 0x0000000086700000, 0x0000000086700000|100%| S|CS|TAMS 0x0000000086600000, 0x0000000086600000| Complete 
|  83|0x0000000086700000, 0x0000000086800000, 0x0000000086800000|100%| S|CS|TAMS 0x0000000086700000, 0x0000000086700000| Complete 
|  84|0x0000000086800000, 0x0000000086800000, 0x0000000086900000|  0%| F|  |TAMS 0x0000000086800000, 0x0000000086800000| Untracked 
|  85|0x0000000086900000, 0x0000000086900000, 0x0000000086a00000|  0%| F|  |TAMS 0x0000000086900000, 0x0000000086900000| Untracked 
|  86|0x0000000086a00000, 0x0000000086a00000, 0x0000000086b00000|  0%| F|  |TAMS 0x0000000086a00000, 0x0000000086a00000| Untracked 
|  87|0x0000000086b00000, 0x0000000086b00000, 0x0000000086c00000|  0%| F|  |TAMS 0x0000000086b00000, 0x0000000086b00000| Untracked 
|  88|0x0000000086c00000, 0x0000000086c00000, 0x0000000086d00000|  0%| F|  |TAMS 0x0000000086c00000, 0x0000000086c00000| Untracked 
|  89|0x0000000086d00000, 0x0000000086d00000, 0x0000000086e00000|  0%| F|  |TAMS 0x0000000086d00000, 0x0000000086d00000| Untracked 
|  90|0x0000000086e00000, 0x0000000086e00000, 0x0000000086f00000|  0%| F|  |TAMS 0x0000000086e00000, 0x0000000086e00000| Untracked 
|  91|0x0000000086f00000, 0x0000000086f00000, 0x0000000087000000|  0%| F|  |TAMS 0x0000000086f00000, 0x0000000086f00000| Untracked 
|  92|0x0000000087000000, 0x0000000087000000, 0x0000000087100000|  0%| F|  |TAMS 0x0000000087000000, 0x0000000087000000| Untracked 
|  93|0x0000000087100000, 0x0000000087100000, 0x0000000087200000|  0%| F|  |TAMS 0x0000000087100000, 0x0000000087100000| Untracked 
|  94|0x0000000087200000, 0x0000000087200000, 0x0000000087300000|  0%| F|  |TAMS 0x0000000087200000, 0x0000000087200000| Untracked 
|  95|0x0000000087300000, 0x0000000087300000, 0x0000000087400000|  0%| F|  |TAMS 0x0000000087300000, 0x0000000087300000| Untracked 
|  96|0x0000000087400000, 0x0000000087400000, 0x0000000087500000|  0%| F|  |TAMS 0x0000000087400000, 0x0000000087400000| Untracked 
|  97|0x0000000087500000, 0x0000000087500000, 0x0000000087600000|  0%| F|  |TAMS 0x0000000087500000, 0x0000000087500000| Untracked 
|  98|0x0000000087600000, 0x0000000087600000, 0x0000000087700000|  0%| F|  |TAMS 0x0000000087600000, 0x0000000087600000| Untracked 
|  99|0x0000000087700000, 0x0000000087700000, 0x0000000087800000|  0%| F|  |TAMS 0x0000000087700000, 0x0000000087700000| Untracked 
| 100|0x0000000087800000, 0x0000000087800000, 0x0000000087900000|  0%| F|  |TAMS 0x0000000087800000, 0x0000000087800000| Untracked 
| 101|0x0000000087900000, 0x0000000087900000, 0x0000000087a00000|  0%| F|  |TAMS 0x0000000087900000, 0x0000000087900000| Untracked 
| 102|0x0000000087a00000, 0x0000000087a00000, 0x0000000087b00000|  0%| F|  |TAMS 0x0000000087a00000, 0x0000000087a00000| Untracked 
| 103|0x0000000087b00000, 0x0000000087b00000, 0x0000000087c00000|  0%| F|  |TAMS 0x0000000087b00000, 0x0000000087b00000| Untracked 
| 104|0x0000000087c00000, 0x0000000087c00000, 0x0000000087d00000|  0%| F|  |TAMS 0x0000000087c00000, 0x0000000087c00000| Untracked 
| 105|0x0000000087d00000, 0x0000000087d00000, 0x0000000087e00000|  0%| F|  |TAMS 0x0000000087d00000, 0x0000000087d00000| Untracked 
| 106|0x0000000087e00000, 0x0000000087e00000, 0x0000000087f00000|  0%| F|  |TAMS 0x0000000087e00000, 0x0000000087e00000| Untracked 
| 107|0x0000000087f00000, 0x0000000087f00000, 0x0000000088000000|  0%| F|  |TAMS 0x0000000087f00000, 0x0000000087f00000| Untracked 
| 108|0x0000000088000000, 0x0000000088000000, 0x0000000088100000|  0%| F|  |TAMS 0x0000000088000000, 0x0000000088000000| Untracked 
| 109|0x0000000088100000, 0x0000000088100000, 0x0000000088200000|  0%| F|  |TAMS 0x0000000088100000, 0x0000000088100000| Untracked 
| 110|0x0000000088200000, 0x0000000088200000, 0x0000000088300000|  0%| F|  |TAMS 0x0000000088200000, 0x0000000088200000| Untracked 
| 111|0x0000000088300000, 0x0000000088300000, 0x0000000088400000|  0%| F|  |TAMS 0x0000000088300000, 0x0000000088300000| Untracked 
| 112|0x0000000088400000, 0x0000000088400000, 0x0000000088500000|  0%| F|  |TAMS 0x0000000088400000, 0x0000000088400000| Untracked 
| 113|0x0000000088500000, 0x0000000088500000, 0x0000000088600000|  0%| F|  |TAMS 0x0000000088500000, 0x0000000088500000| Untracked 
| 114|0x0000000088600000, 0x0000000088600000, 0x0000000088700000|  0%| F|  |TAMS 0x0000000088600000, 0x0000000088600000| Untracked 
| 115|0x0000000088700000, 0x0000000088700000, 0x0000000088800000|  0%| F|  |TAMS 0x0000000088700000, 0x0000000088700000| Untracked 
| 116|0x0000000088800000, 0x0000000088800000, 0x0000000088900000|  0%| F|  |TAMS 0x0000000088800000, 0x0000000088800000| Untracked 
| 117|0x0000000088900000, 0x0000000088900000, 0x0000000088a00000|  0%| F|  |TAMS 0x0000000088900000, 0x0000000088900000| Untracked 
| 118|0x0000000088a00000, 0x0000000088a00000, 0x0000000088b00000|  0%| F|  |TAMS 0x0000000088a00000, 0x0000000088a00000| Untracked 
| 119|0x0000000088b00000, 0x0000000088b00000, 0x0000000088c00000|  0%| F|  |TAMS 0x0000000088b00000, 0x0000000088b00000| Untracked 
| 120|0x0000000088c00000, 0x0000000088c00000, 0x0000000088d00000|  0%| F|  |TAMS 0x0000000088c00000, 0x0000000088c00000| Untracked 
| 121|0x0000000088d00000, 0x0000000088d00000, 0x0000000088e00000|  0%| F|  |TAMS 0x0000000088d00000, 0x0000000088d00000| Untracked 
| 122|0x0000000088e00000, 0x0000000088e00000, 0x0000000088f00000|  0%| F|  |TAMS 0x0000000088e00000, 0x0000000088e00000| Untracked 
| 123|0x0000000088f00000, 0x0000000088f00000, 0x0000000089000000|  0%| F|  |TAMS 0x0000000088f00000, 0x0000000088f00000| Untracked 
| 124|0x0000000089000000, 0x0000000089000000, 0x0000000089100000|  0%| F|  |TAMS 0x0000000089000000, 0x0000000089000000| Untracked 
| 125|0x0000000089100000, 0x0000000089100000, 0x0000000089200000|  0%| F|  |TAMS 0x0000000089100000, 0x0000000089100000| Untracked 
| 126|0x0000000089200000, 0x0000000089200000, 0x0000000089300000|  0%| F|  |TAMS 0x0000000089200000, 0x0000000089200000| Untracked 
| 127|0x0000000089300000, 0x0000000089300000, 0x0000000089400000|  0%| F|  |TAMS 0x0000000089300000, 0x0000000089300000| Untracked 
| 128|0x0000000089400000, 0x0000000089400000, 0x0000000089500000|  0%| F|  |TAMS 0x0000000089400000, 0x0000000089400000| Untracked 
| 129|0x0000000089500000, 0x0000000089500000, 0x0000000089600000|  0%| F|  |TAMS 0x0000000089500000, 0x0000000089500000| Untracked 
| 130|0x0000000089600000, 0x0000000089600000, 0x0000000089700000|  0%| F|  |TAMS 0x0000000089600000, 0x0000000089600000| Untracked 
| 131|0x0000000089700000, 0x0000000089700000, 0x0000000089800000|  0%| F|  |TAMS 0x0000000089700000, 0x0000000089700000| Untracked 
| 132|0x0000000089800000, 0x0000000089800000, 0x0000000089900000|  0%| F|  |TAMS 0x0000000089800000, 0x0000000089800000| Untracked 
| 133|0x0000000089900000, 0x0000000089900000, 0x0000000089a00000|  0%| F|  |TAMS 0x0000000089900000, 0x0000000089900000| Untracked 
| 134|0x0000000089a00000, 0x0000000089a00000, 0x0000000089b00000|  0%| F|  |TAMS 0x0000000089a00000, 0x0000000089a00000| Untracked 
| 135|0x0000000089b00000, 0x0000000089b00000, 0x0000000089c00000|  0%| F|  |TAMS 0x0000000089b00000, 0x0000000089b00000| Untracked 
| 136|0x0000000089c00000, 0x0000000089c00000, 0x0000000089d00000|  0%| F|  |TAMS 0x0000000089c00000, 0x0000000089c00000| Untracked 
| 137|0x0000000089d00000, 0x0000000089d00000, 0x0000000089e00000|  0%| F|  |TAMS 0x0000000089d00000, 0x0000000089d00000| Untracked 
| 138|0x0000000089e00000, 0x0000000089e00000, 0x0000000089f00000|  0%| F|  |TAMS 0x0000000089e00000, 0x0000000089e00000| Untracked 
| 139|0x0000000089f00000, 0x0000000089f00000, 0x000000008a000000|  0%| F|  |TAMS 0x0000000089f00000, 0x0000000089f00000| Untracked 
| 140|0x000000008a000000, 0x000000008a000000, 0x000000008a100000|  0%| F|  |TAMS 0x000000008a000000, 0x000000008a000000| Untracked 
| 141|0x000000008a100000, 0x000000008a100000, 0x000000008a200000|  0%| F|  |TAMS 0x000000008a100000, 0x000000008a100000| Untracked 
| 142|0x000000008a200000, 0x000000008a200000, 0x000000008a300000|  0%| F|  |TAMS 0x000000008a200000, 0x000000008a200000| Untracked 
| 143|0x000000008a300000, 0x000000008a300000, 0x000000008a400000|  0%| F|  |TAMS 0x000000008a300000, 0x000000008a300000| Untracked 
| 144|0x000000008a400000, 0x000000008a400000, 0x000000008a500000|  0%| F|  |TAMS 0x000000008a400000, 0x000000008a400000| Untracked 
| 145|0x000000008a500000, 0x000000008a500000, 0x000000008a600000|  0%| F|  |TAMS 0x000000008a500000, 0x000000008a500000| Untracked 
| 146|0x000000008a600000, 0x000000008a600000, 0x000000008a700000|  0%| F|  |TAMS 0x000000008a600000, 0x000000008a600000| Untracked 
| 147|0x000000008a700000, 0x000000008a700000, 0x000000008a800000|  0%| F|  |TAMS 0x000000008a700000, 0x000000008a700000| Untracked 
| 148|0x000000008a800000, 0x000000008a800000, 0x000000008a900000|  0%| F|  |TAMS 0x000000008a800000, 0x000000008a800000| Untracked 
| 149|0x000000008a900000, 0x000000008a900000, 0x000000008aa00000|  0%| F|  |TAMS 0x000000008a900000, 0x000000008a900000| Untracked 
| 150|0x000000008aa00000, 0x000000008aa00000, 0x000000008ab00000|  0%| F|  |TAMS 0x000000008aa00000, 0x000000008aa00000| Untracked 
| 151|0x000000008ab00000, 0x000000008ab00000, 0x000000008ac00000|  0%| F|  |TAMS 0x000000008ab00000, 0x000000008ab00000| Untracked 
| 152|0x000000008ac00000, 0x000000008ac00000, 0x000000008ad00000|  0%| F|  |TAMS 0x000000008ac00000, 0x000000008ac00000| Untracked 
| 153|0x000000008ad00000, 0x000000008ad00000, 0x000000008ae00000|  0%| F|  |TAMS 0x000000008ad00000, 0x000000008ad00000| Untracked 
| 154|0x000000008ae00000, 0x000000008ae00000, 0x000000008af00000|  0%| F|  |TAMS 0x000000008ae00000, 0x000000008ae00000| Untracked 
| 155|0x000000008af00000, 0x000000008af00000, 0x000000008b000000|  0%| F|  |TAMS 0x000000008af00000, 0x000000008af00000| Untracked 
| 156|0x000000008b000000, 0x000000008b000000, 0x000000008b100000|  0%| F|  |TAMS 0x000000008b000000, 0x000000008b000000| Untracked 
| 157|0x000000008b100000, 0x000000008b100000, 0x000000008b200000|  0%| F|  |TAMS 0x000000008b100000, 0x000000008b100000| Untracked 
| 158|0x000000008b200000, 0x000000008b200000, 0x000000008b300000|  0%| F|  |TAMS 0x000000008b200000, 0x000000008b200000| Untracked 
| 159|0x000000008b300000, 0x000000008b300000, 0x000000008b400000|  0%| F|  |TAMS 0x000000008b300000, 0x000000008b300000| Untracked 
| 160|0x000000008b400000, 0x000000008b400000, 0x000000008b500000|  0%| F|  |TAMS 0x000000008b400000, 0x000000008b400000| Untracked 
| 161|0x000000008b500000, 0x000000008b500000, 0x000000008b600000|  0%| F|  |TAMS 0x000000008b500000, 0x000000008b500000| Untracked 
| 162|0x000000008b600000, 0x000000008b600000, 0x000000008b700000|  0%| F|  |TAMS 0x000000008b600000, 0x000000008b600000| Untracked 
| 163|0x000000008b700000, 0x000000008b700000, 0x000000008b800000|  0%| F|  |TAMS 0x000000008b700000, 0x000000008b700000| Untracked 
| 164|0x000000008b800000, 0x000000008b800000, 0x000000008b900000|  0%| F|  |TAMS 0x000000008b800000, 0x000000008b800000| Untracked 
| 165|0x000000008b900000, 0x000000008b900000, 0x000000008ba00000|  0%| F|  |TAMS 0x000000008b900000, 0x000000008b900000| Untracked 
| 166|0x000000008ba00000, 0x000000008ba00000, 0x000000008bb00000|  0%| F|  |TAMS 0x000000008ba00000, 0x000000008ba00000| Untracked 
| 167|0x000000008bb00000, 0x000000008bb00000, 0x000000008bc00000|  0%| F|  |TAMS 0x000000008bb00000, 0x000000008bb00000| Untracked 
| 168|0x000000008bc00000, 0x000000008bc00000, 0x000000008bd00000|  0%| F|  |TAMS 0x000000008bc00000, 0x000000008bc00000| Untracked 
| 169|0x000000008bd00000, 0x000000008bd00000, 0x000000008be00000|  0%| F|  |TAMS 0x000000008bd00000, 0x000000008bd00000| Untracked 
| 170|0x000000008be00000, 0x000000008be00000, 0x000000008bf00000|  0%| F|  |TAMS 0x000000008be00000, 0x000000008be00000| Untracked 
| 171|0x000000008bf00000, 0x000000008bf00000, 0x000000008c000000|  0%| F|  |TAMS 0x000000008bf00000, 0x000000008bf00000| Untracked 
| 172|0x000000008c000000, 0x000000008c000000, 0x000000008c100000|  0%| F|  |TAMS 0x000000008c000000, 0x000000008c000000| Untracked 
| 173|0x000000008c100000, 0x000000008c100000, 0x000000008c200000|  0%| F|  |TAMS 0x000000008c100000, 0x000000008c100000| Untracked 
| 174|0x000000008c200000, 0x000000008c200000, 0x000000008c300000|  0%| F|  |TAMS 0x000000008c200000, 0x000000008c200000| Untracked 
| 175|0x000000008c300000, 0x000000008c400000, 0x000000008c400000|100%| E|  |TAMS 0x000000008c300000, 0x000000008c300000| Complete 
| 176|0x000000008c400000, 0x000000008c500000, 0x000000008c500000|100%| E|CS|TAMS 0x000000008c400000, 0x000000008c400000| Complete 
| 177|0x000000008c500000, 0x000000008c600000, 0x000000008c600000|100%| E|CS|TAMS 0x000000008c500000, 0x000000008c500000| Complete 
| 178|0x000000008c600000, 0x000000008c700000, 0x000000008c700000|100%| E|CS|TAMS 0x000000008c600000, 0x000000008c600000| Complete 
| 179|0x000000008c700000, 0x000000008c800000, 0x000000008c800000|100%| E|CS|TAMS 0x000000008c700000, 0x000000008c700000| Complete 
| 180|0x000000008c800000, 0x000000008c900000, 0x000000008c900000|100%| E|CS|TAMS 0x000000008c800000, 0x000000008c800000| Complete 
| 181|0x000000008c900000, 0x000000008ca00000, 0x000000008ca00000|100%| E|CS|TAMS 0x000000008c900000, 0x000000008c900000| Complete 
| 182|0x000000008ca00000, 0x000000008cb00000, 0x000000008cb00000|100%| E|CS|TAMS 0x000000008ca00000, 0x000000008ca00000| Complete 
| 183|0x000000008cb00000, 0x000000008cc00000, 0x000000008cc00000|100%| E|CS|TAMS 0x000000008cb00000, 0x000000008cb00000| Complete 
| 184|0x000000008cc00000, 0x000000008cd00000, 0x000000008cd00000|100%| E|CS|TAMS 0x000000008cc00000, 0x000000008cc00000| Complete 
| 185|0x000000008cd00000, 0x000000008ce00000, 0x000000008ce00000|100%| E|CS|TAMS 0x000000008cd00000, 0x000000008cd00000| Complete 
| 215|0x000000008eb00000, 0x000000008ec00000, 0x000000008ec00000|100%| E|CS|TAMS 0x000000008eb00000, 0x000000008eb00000| Complete 
| 216|0x000000008ec00000, 0x000000008ed00000, 0x000000008ed00000|100%| E|CS|TAMS 0x000000008ec00000, 0x000000008ec00000| Complete 
| 217|0x000000008ed00000, 0x000000008ee00000, 0x000000008ee00000|100%| E|CS|TAMS 0x000000008ed00000, 0x000000008ed00000| Complete 
| 218|0x000000008ee00000, 0x000000008ef00000, 0x000000008ef00000|100%| E|CS|TAMS 0x000000008ee00000, 0x000000008ee00000| Complete 
| 219|0x000000008ef00000, 0x000000008f000000, 0x000000008f000000|100%| E|CS|TAMS 0x000000008ef00000, 0x000000008ef00000| Complete 
| 220|0x000000008f000000, 0x000000008f100000, 0x000000008f100000|100%| E|CS|TAMS 0x000000008f000000, 0x000000008f000000| Complete 
| 221|0x000000008f100000, 0x000000008f200000, 0x000000008f200000|100%| E|CS|TAMS 0x000000008f100000, 0x000000008f100000| Complete 
| 222|0x000000008f200000, 0x000000008f300000, 0x000000008f300000|100%| E|CS|TAMS 0x000000008f200000, 0x000000008f200000| Complete 
| 223|0x000000008f300000, 0x000000008f400000, 0x000000008f400000|100%| E|CS|TAMS 0x000000008f300000, 0x000000008f300000| Complete 
| 224|0x000000008f400000, 0x000000008f500000, 0x000000008f500000|100%| E|CS|TAMS 0x000000008f400000, 0x000000008f400000| Complete 
| 225|0x000000008f500000, 0x000000008f600000, 0x000000008f600000|100%| E|CS|TAMS 0x000000008f500000, 0x000000008f500000| Complete 
| 226|0x000000008f600000, 0x000000008f700000, 0x000000008f700000|100%| E|CS|TAMS 0x000000008f600000, 0x000000008f600000| Complete 
|2022|0x00000000ffa00000, 0x00000000ffb00000, 0x00000000ffb00000|100%| O|  |TAMS 0x00000000ffb00000, 0x00000000ffa00000| Untracked 
|2023|0x00000000ffb00000, 0x00000000ffc00000, 0x00000000ffc00000|100%| O|  |TAMS 0x00000000ffc00000, 0x00000000ffb00000| Untracked 
|2024|0x00000000ffc00000, 0x00000000ffd00000, 0x00000000ffd00000|100%| O|  |TAMS 0x00000000ffd00000, 0x00000000ffc00000| Untracked 
|2025|0x00000000ffd00000, 0x00000000ffe00000, 0x00000000ffe00000|100%| O|  |TAMS 0x00000000ffe00000, 0x00000000ffd00000| Untracked 
|2026|0x00000000ffe00000, 0x00000000fff00000, 0x00000000fff00000|100%| O|  |TAMS 0x00000000fff00000, 0x00000000ffe00000| Untracked 
|2027|0x00000000fff00000, 0x0000000100000000, 0x0000000100000000|100%| O|  |TAMS 0x0000000100000000, 0x00000000fff00000| Untracked 

Card table byte_map: [0x000001b95ef30000,0x000001b95f330000] _byte_map_base: 0x000001b95eb26000

Marking Bits (Prev, Next): (CMBitMap*) 0x000001b948037f20, (CMBitMap*) 0x000001b948037f60
 Prev Bits: [0x000001b95f730000, 0x000001b9616e0000)
 Next Bits: [0x000001b9616e0000, 0x000001b963690000)

Polling page: 0x000001b9477d0000

Metaspace:

Usage:
  Non-class:     28.41 MB used.
      Class:      3.42 MB used.
       Both:     31.83 MB used.

Virtual space:
  Non-class space:       32.00 MB reserved,      28.62 MB ( 89%) committed,  4 nodes.
      Class space:        1.00 GB reserved,       3.62 MB ( <1%) committed,  1 nodes.
             Both:        1.03 GB reserved,      32.25 MB (  3%) committed. 

Chunk freelists:
   Non-Class:  3.22 MB
       Class:  334.00 KB
        Both:  3.54 MB

MaxMetaspaceSize: unlimited
CompressedClassSpaceSize: 1.00 GB
Initial GC threshold: 21.00 MB
Current GC threshold: 44.31 MB
CDS: on
MetaspaceReclaimPolicy: balanced
 - commit_granule_bytes: 65536.
 - commit_granule_words: 8192.
 - virtual_space_node_default_size: 1048576.
 - enlarge_chunks_in_place: 1.
 - new_chunks_are_fully_committed: 0.
 - uncommit_free_chunks: 1.
 - use_allocation_guard: 0.
 - handle_deallocations: 1.


Internal statistics:

num_allocs_failed_limit: 6.
num_arena_births: 276.
num_arena_deaths: 0.
num_vsnodes_births: 5.
num_vsnodes_deaths: 0.
num_space_committed: 516.
num_space_uncommitted: 0.
num_chunks_returned_to_freelist: 6.
num_chunks_taken_from_freelist: 1480.
num_chunk_merges: 3.
num_chunk_splits: 1008.
num_chunks_enlarged: 735.
num_purges: 0.
num_inconsistent_stats: 0.

CodeHeap 'non-profiled nmethods': size=120000Kb used=5256Kb max_used=5256Kb free=114744Kb
 bounds [0x000001b9572d0000, 0x000001b957800000, 0x000001b95e800000]
CodeHeap 'profiled nmethods': size=120000Kb used=17065Kb max_used=17065Kb free=102934Kb
 bounds [0x000001b94fda0000, 0x000001b950e50000, 0x000001b9572d0000]
CodeHeap 'non-nmethods': size=5760Kb used=1246Kb max_used=1379Kb free=4513Kb
 bounds [0x000001b94f800000, 0x000001b94fa70000, 0x000001b94fda0000]
 total_blobs=8551 nmethods=7994 adapters=467
 compilation: enabled
              stopped_count=0, restarted_count=0
 full_count=0

Compilation events (20 events):
Event: 9.338 Thread 0x000001b96609a6b0 8843       3       java.lang.ProcessEnvironment$CheckedEntry::getKey (13 bytes)
Event: 9.338 Thread 0x000001b96609a6b0 nmethod 8843 0x000001b950e46190 code [0x000001b950e46340, 0x000001b950e46608]
Event: 9.338 Thread 0x000001b96609a6b0 8845       3       java.lang.ProcessEnvironment$CheckedEntry::getValue (5 bytes)
Event: 9.338 Thread 0x000001b96609a6b0 nmethod 8845 0x000001b950e46710 code [0x000001b950e468c0, 0x000001b950e46c08]
Event: 9.338 Thread 0x000001b96609a6b0 8846       3       java.lang.ProcessEnvironment$CheckedEntry::getValue (13 bytes)
Event: 9.338 Thread 0x000001b96609a6b0 nmethod 8846 0x000001b950e46d10 code [0x000001b950e46ec0, 0x000001b950e47188]
Event: 9.347 Thread 0x000001b96609a6b0 8850       3       java.lang.AbstractStringBuilder::append (45 bytes)
Event: 9.348 Thread 0x000001b96609a6b0 nmethod 8850 0x000001b950e47290 code [0x000001b950e47460, 0x000001b950e477a8]
Event: 9.395 Thread 0x000001b966f4ac20 nmethod 8799 0x000001b9577ec510 code [0x000001b9577ec900, 0x000001b9577ef838]
Event: 9.395 Thread 0x000001b966f4ac20 8768       4       java.util.Properties$EntrySet::iterator (10 bytes)
Event: 9.395 Thread 0x000001b966f4ac20 nmethod 8768 0x000001b9577f1a10 code [0x000001b9577f1b80, 0x000001b9577f1c18]
Event: 9.411 Thread 0x000001b96609a6b0 8851   !   3       java.util.Formatter::format (283 bytes)
Event: 9.413 Thread 0x000001b96609a6b0 nmethod 8851 0x000001b950e47910 code [0x000001b950e47c20, 0x000001b950e49068]
Event: 9.418 Thread 0x000001b96609a6b0 8852       3       java.lang.StringBuilder::toString (35 bytes)
Event: 9.418 Thread 0x000001b96609a6b0 nmethod 8852 0x000001b950e49a10 code [0x000001b950e49be0, 0x000001b950e49eb8]
Event: 9.432 Thread 0x000001b96609a6b0 8853       1       org.fusesource.jansi.Ansi$Attribute::value (5 bytes)
Event: 9.433 Thread 0x000001b96609a6b0 nmethod 8853 0x000001b9577f1d10 code [0x000001b9577f1ea0, 0x000001b9577f1f78]
Event: 9.435 Thread 0x000001b96609a6b0 8854   !   3       java.util.Collections$SynchronizedMap::put (28 bytes)
Event: 9.435 Thread 0x000001b96609a6b0 nmethod 8854 0x000001b950e49f90 code [0x000001b950e4a140, 0x000001b950e4a3e8]
Event: 9.436 Thread 0x000001b96609a6b0 8855  s    1       java.lang.StringBuffer::length (5 bytes)

GC Heap History (20 events):
Event: 4.215 GC heap before
{Heap before GC invocations=4 (full 0):
 garbage-first heap   total 131072K, used 108232K [0x0000000081400000, 0x0000000100000000)
  region size 1024K, 59 young (60416K), 5 survivors (5120K)
 Metaspace       used 21235K, committed 21504K, reserved 1073152K
  class space    used 2394K, committed 2560K, reserved 1048576K
}
Event: 4.222 GC heap after
{Heap after GC invocations=5 (full 0):
 garbage-first heap   total 131072K, used 21193K [0x0000000081400000, 0x0000000100000000)
  region size 1024K, 8 young (8192K), 8 survivors (8192K)
 Metaspace       used 21235K, committed 21504K, reserved 1073152K
  class space    used 2394K, committed 2560K, reserved 1048576K
}
Event: 4.729 GC heap before
{Heap before GC invocations=6 (full 0):
 garbage-first heap   total 75776K, used 60105K [0x0000000081400000, 0x0000000100000000)
  region size 1024K, 41 young (41984K), 8 survivors (8192K)
 Metaspace       used 23422K, committed 23680K, reserved 1073152K
  class space    used 2614K, committed 2752K, reserved 1048576K
}
Event: 4.746 GC heap after
{Heap after GC invocations=7 (full 0):
 garbage-first heap   total 98304K, used 38950K [0x0000000081400000, 0x0000000100000000)
  region size 1024K, 6 young (6144K), 6 survivors (6144K)
 Metaspace       used 23422K, committed 23680K, reserved 1073152K
  class space    used 2614K, committed 2752K, reserved 1048576K
}
Event: 4.749 GC heap before
{Heap before GC invocations=7 (full 0):
 garbage-first heap   total 98304K, used 39974K [0x0000000081400000, 0x0000000100000000)
  region size 1024K, 7 young (7168K), 6 survivors (6144K)
 Metaspace       used 23422K, committed 23680K, reserved 1073152K
  class space    used 2614K, committed 2752K, reserved 1048576K
}
Event: 4.755 GC heap after
{Heap after GC invocations=8 (full 0):
 garbage-first heap   total 98304K, used 40448K [0x0000000081400000, 0x0000000100000000)
  region size 1024K, 1 young (1024K), 1 survivors (1024K)
 Metaspace       used 23422K, committed 23680K, reserved 1073152K
  class space    used 2614K, committed 2752K, reserved 1048576K
}
Event: 5.030 GC heap before
{Heap before GC invocations=8 (full 0):
 garbage-first heap   total 98304K, used 70144K [0x0000000081400000, 0x0000000100000000)
  region size 1024K, 30 young (30720K), 1 survivors (1024K)
 Metaspace       used 23996K, committed 24320K, reserved 1073152K
  class space    used 2675K, committed 2816K, reserved 1048576K
}
Event: 5.039 GC heap after
{Heap after GC invocations=9 (full 0):
 garbage-first heap   total 98304K, used 44544K [0x0000000081400000, 0x0000000100000000)
  region size 1024K, 4 young (4096K), 4 survivors (4096K)
 Metaspace       used 23996K, committed 24320K, reserved 1073152K
  class space    used 2675K, committed 2816K, reserved 1048576K
}
Event: 5.836 GC heap before
{Heap before GC invocations=10 (full 0):
 garbage-first heap   total 98304K, used 72192K [0x0000000081400000, 0x0000000100000000)
  region size 1024K, 31 young (31744K), 4 survivors (4096K)
 Metaspace       used 25620K, committed 25920K, reserved 1073152K
  class space    used 2826K, committed 2944K, reserved 1048576K
}
Event: 5.846 GC heap after
{Heap after GC invocations=11 (full 0):
 garbage-first heap   total 98304K, used 47542K [0x0000000081400000, 0x0000000100000000)
  region size 1024K, 2 young (2048K), 2 survivors (2048K)
 Metaspace       used 25620K, committed 25920K, reserved 1073152K
  class space    used 2826K, committed 2944K, reserved 1048576K
}
Event: 6.155 GC heap before
{Heap before GC invocations=11 (full 0):
 garbage-first heap   total 98304K, used 73142K [0x0000000081400000, 0x0000000100000000)
  region size 1024K, 28 young (28672K), 2 survivors (2048K)
 Metaspace       used 26356K, committed 26624K, reserved 1073152K
  class space    used 2901K, committed 3008K, reserved 1048576K
}
Event: 6.161 GC heap after
{Heap after GC invocations=12 (full 0):
 garbage-first heap   total 98304K, used 47976K [0x0000000081400000, 0x0000000100000000)
  region size 1024K, 3 young (3072K), 3 survivors (3072K)
 Metaspace       used 26356K, committed 26624K, reserved 1073152K
  class space    used 2901K, committed 3008K, reserved 1048576K
}
Event: 6.383 GC heap before
{Heap before GC invocations=13 (full 0):
 garbage-first heap   total 98304K, used 75624K [0x0000000081400000, 0x0000000100000000)
  region size 1024K, 30 young (30720K), 3 survivors (3072K)
 Metaspace       used 26746K, committed 27072K, reserved 1073152K
  class space    used 2945K, committed 3072K, reserved 1048576K
}
Event: 6.393 GC heap after
{Heap after GC invocations=14 (full 0):
 garbage-first heap   total 98304K, used 48478K [0x0000000081400000, 0x0000000100000000)
  region size 1024K, 1 young (1024K), 1 survivors (1024K)
 Metaspace       used 26746K, committed 27072K, reserved 1073152K
  class space    used 2945K, committed 3072K, reserved 1048576K
}
Event: 6.522 GC heap before
{Heap before GC invocations=14 (full 0):
 garbage-first heap   total 98304K, used 78174K [0x0000000081400000, 0x0000000100000000)
  region size 1024K, 30 young (30720K), 1 survivors (1024K)
 Metaspace       used 26896K, committed 27200K, reserved 1073152K
  class space    used 2951K, committed 3072K, reserved 1048576K
}
Event: 6.527 GC heap after
{Heap after GC invocations=15 (full 0):
 garbage-first heap   total 238592K, used 49053K [0x0000000081400000, 0x0000000100000000)
  region size 1024K, 2 young (2048K), 2 survivors (2048K)
 Metaspace       used 26896K, committed 27200K, reserved 1073152K
  class space    used 2951K, committed 3072K, reserved 1048576K
}
Event: 7.879 GC heap before
{Heap before GC invocations=16 (full 0):
 garbage-first heap   total 208896K, used 175005K [0x0000000081400000, 0x0000000100000000)
  region size 1024K, 122 young (124928K), 2 survivors (2048K)
 Metaspace       used 29165K, committed 29568K, reserved 1081344K
  class space    used 3147K, committed 3328K, reserved 1048576K
}
Event: 7.886 GC heap after
{Heap after GC invocations=17 (full 0):
 garbage-first heap   total 208896K, used 49312K [0x0000000081400000, 0x0000000100000000)
  region size 1024K, 5 young (5120K), 5 survivors (5120K)
 Metaspace       used 29165K, committed 29568K, reserved 1081344K
  class space    used 3147K, committed 3328K, reserved 1048576K
}
Event: 9.153 GC heap before
{Heap before GC invocations=17 (full 0):
 garbage-first heap   total 208896K, used 171168K [0x0000000081400000, 0x0000000100000000)
  region size 1024K, 119 young (121856K), 5 survivors (5120K)
 Metaspace       used 31852K, committed 32192K, reserved 1081344K
  class space    used 3428K, committed 3584K, reserved 1048576K
}
Event: 9.168 GC heap after
{Heap after GC invocations=18 (full 0):
 garbage-first heap   total 208896K, used 65463K [0x0000000081400000, 0x0000000100000000)
  region size 1024K, 15 young (15360K), 15 survivors (15360K)
 Metaspace       used 31852K, committed 32192K, reserved 1081344K
  class space    used 3428K, committed 3584K, reserved 1048576K
}

Deoptimization events (20 events):
Event: 9.337 Thread 0x000001b947ff5bf0 Uncommon trap: trap_request=0xffffff45 fr.pc=0x000001b957309ce4 relative=0x0000000000000524
Event: 9.337 Thread 0x000001b947ff5bf0 Uncommon trap: reason=unstable_if action=reinterpret pc=0x000001b957309ce4 method=java.lang.AbstractStringBuilder.putStringAt(ILjava/lang/String;II)V @ 8 c2
Event: 9.337 Thread 0x000001b947ff5bf0 DEOPT PACKING pc=0x000001b957309ce4 sp=0x000000a7e1cfd420
Event: 9.337 Thread 0x000001b947ff5bf0 DEOPT UNPACKING pc=0x000001b94f8523a3 sp=0x000000a7e1cfd300 mode 2
Event: 9.337 Thread 0x000001b947ff5bf0 Uncommon trap: trap_request=0xffffff45 fr.pc=0x000001b9573093d4 relative=0x0000000000000134
Event: 9.337 Thread 0x000001b947ff5bf0 Uncommon trap: reason=unstable_if action=reinterpret pc=0x000001b9573093d4 method=java.lang.AbstractStringBuilder.putStringAt(ILjava/lang/String;II)V @ 8 c2
Event: 9.337 Thread 0x000001b947ff5bf0 DEOPT PACKING pc=0x000001b9573093d4 sp=0x000000a7e1cfd3a0
Event: 9.337 Thread 0x000001b947ff5bf0 DEOPT UNPACKING pc=0x000001b94f8523a3 sp=0x000000a7e1cfd2e8 mode 2
Event: 9.408 Thread 0x000001b96a6ecf30 Uncommon trap: trap_request=0xffffff45 fr.pc=0x000001b9577b0538 relative=0x0000000000000038
Event: 9.408 Thread 0x000001b96a6ecf30 Uncommon trap: reason=unstable_if action=reinterpret pc=0x000001b9577b0538 method=java.util.Formatter$Conversion.isValid(C)Z @ 1 c2
Event: 9.408 Thread 0x000001b96a6ecf30 DEOPT PACKING pc=0x000001b9577b0538 sp=0x000000a7e43fed70
Event: 9.408 Thread 0x000001b96a6ecf30 DEOPT UNPACKING pc=0x000001b94f8523a3 sp=0x000000a7e43fecf8 mode 2
Event: 9.408 Thread 0x000001b96a6ecf30 Uncommon trap: trap_request=0xffffff45 fr.pc=0x000001b9577cc1f8 relative=0x00000000000026d8
Event: 9.408 Thread 0x000001b96a6ecf30 Uncommon trap: reason=unstable_if action=reinterpret pc=0x000001b9577cc1f8 method=java.util.Formatter$FormatSpecifier.print(Ljava/lang/Object;Ljava/util/Locale;)V @ 18 c2
Event: 9.409 Thread 0x000001b96a6ecf30 DEOPT PACKING pc=0x000001b9577cc1f8 sp=0x000000a7e43fed90
Event: 9.409 Thread 0x000001b96a6ecf30 DEOPT UNPACKING pc=0x000001b94f8523a3 sp=0x000000a7e43fed08 mode 2
Event: 9.411 Thread 0x000001b96a6ecf30 Uncommon trap: trap_request=0xffffff45 fr.pc=0x000001b9577b5510 relative=0x0000000000000630
Event: 9.411 Thread 0x000001b96a6ecf30 Uncommon trap: reason=unstable_if action=reinterpret pc=0x000001b9577b5510 method=java.util.Formatter$FormatSpecifier.print(Ljava/lang/Object;Ljava/util/Locale;)V @ 18 c2
Event: 9.412 Thread 0x000001b96a6ecf30 DEOPT PACKING pc=0x000001b9577b5510 sp=0x000000a7e43fecf0
Event: 9.412 Thread 0x000001b96a6ecf30 DEOPT UNPACKING pc=0x000001b94f8523a3 sp=0x000000a7e43fecf0 mode 2

Classes unloaded (0 events):
No events

Classes redefined (0 events):
No events

Internal exceptions (20 events):
Event: 8.729 Thread 0x000001b947ff5bf0 Exception <a 'sun/nio/fs/WindowsException'{0x0000000088a9bde0}> (0x0000000088a9bde0) 
thrown [t:\workspace\open\src\hotspot\share\prims\jni.cpp, line 516]
Event: 8.729 Thread 0x000001b947ff5bf0 Exception <a 'sun/nio/fs/WindowsException'{0x0000000088a9c0b0}> (0x0000000088a9c0b0) 
thrown [t:\workspace\open\src\hotspot\share\prims\jni.cpp, line 516]
Event: 8.729 Thread 0x000001b947ff5bf0 Exception <a 'sun/nio/fs/WindowsException'{0x0000000088a9cfd8}> (0x0000000088a9cfd8) 
thrown [t:\workspace\open\src\hotspot\share\prims\jni.cpp, line 516]
Event: 8.729 Thread 0x000001b947ff5bf0 Exception <a 'sun/nio/fs/WindowsException'{0x0000000088a9d368}> (0x0000000088a9d368) 
thrown [t:\workspace\open\src\hotspot\share\prims\jni.cpp, line 516]
Event: 8.729 Thread 0x000001b947ff5bf0 Exception <a 'sun/nio/fs/WindowsException'{0x0000000088a9e358}> (0x0000000088a9e358) 
thrown [t:\workspace\open\src\hotspot\share\prims\jni.cpp, line 516]
Event: 8.729 Thread 0x000001b947ff5bf0 Exception <a 'sun/nio/fs/WindowsException'{0x0000000088a9e658}> (0x0000000088a9e658) 
thrown [t:\workspace\open\src\hotspot\share\prims\jni.cpp, line 516]
Event: 8.732 Thread 0x000001b947ff5bf0 Exception <a 'sun/nio/fs/WindowsException'{0x0000000088962908}> (0x0000000088962908) 
thrown [t:\workspace\open\src\hotspot\share\prims\jni.cpp, line 516]
Event: 8.734 Thread 0x000001b947ff5bf0 Exception <a 'sun/nio/fs/WindowsException'{0x0000000088978270}> (0x0000000088978270) 
thrown [t:\workspace\open\src\hotspot\share\prims\jni.cpp, line 516]
Event: 8.737 Thread 0x000001b947ff5bf0 Exception <a 'sun/nio/fs/WindowsException'{0x00000000889800b0}> (0x00000000889800b0) 
thrown [t:\workspace\open\src\hotspot\share\prims\jni.cpp, line 516]
Event: 8.951 Thread 0x000001b969a1da90 Exception <a 'java/lang/NoSuchMethodError'{0x0000000087a492d0}: 'java.lang.Object java.lang.invoke.DirectMethodHandle$Holder.invokeStaticInit(java.lang.Object, java.lang.Object, long, java.lang.Object)'> (0x0000000087a492d0) 
thrown [t:\workspace\open\src\hotspot\share\interpreter\linkResolver.cpp, line 766]
Event: 8.951 Thread 0x000001b969a1da90 Exception <a 'java/lang/NoSuchMethodError'{0x0000000087a4fa10}: 'java.lang.Object java.lang.invoke.DirectMethodHandle$Holder.newInvokeSpecial(java.lang.Object, java.lang.Object, long)'> (0x0000000087a4fa10) 
thrown [t:\workspace\open\src\hotspot\share\interpreter\linkResolver.cpp, line 766]
Event: 8.951 Thread 0x000001b969a1da90 Exception <a 'java/lang/NoSuchMethodError'{0x0000000087a53580}: 'java.lang.Object java.lang.invoke.Invokers$Holder.linkToTargetMethod(java.lang.Object, long, java.lang.Object)'> (0x0000000087a53580) 
thrown [t:\workspace\open\src\hotspot\share\interpreter\linkResolver.cpp, line 766]
Event: 8.954 Thread 0x000001b947ff5bf0 Exception <a 'java/lang/NoSuchMethodError'{0x0000000087809fe0}: 'java.lang.String org.apache.maven.execution.MavenExecutionRequest.getFailureBehavior()'> (0x0000000087809fe0) 
thrown [t:\workspace\open\src\hotspot\share\interpreter\linkResolver.cpp, line 862]
Event: 9.036 Thread 0x000001b947ff5bf0 Exception <a 'java/lang/NoSuchMethodError'{0x00000000878d8800}: 'java.lang.Object java.lang.invoke.DirectMethodHandle$Holder.invokeStaticInit(java.lang.Object, java.lang.Object, int, int, int, int)'> (0x00000000878d8800) 
thrown [t:\workspace\open\src\hotspot\share\interpreter\linkResolver.cpp, line 766]
Event: 9.169 Thread 0x000001b966073a80 Implicit null exception at 0x000001b957743a20 to 0x000001b9577441a8
Event: 9.169 Thread 0x000001b966073a80 Implicit null exception at 0x000001b95775d780 to 0x000001b95775d93c
Event: 9.343 Thread 0x000001b947ff5bf0 Exception <a 'java/lang/NoSuchMethodError'{0x000000008c6daf00}: 'void java.lang.invoke.DirectMethodHandle$Holder.invokeStatic(java.lang.Object, long)'> (0x000000008c6daf00) 
thrown [t:\workspace\open\src\hotspot\share\interpreter\linkResolver.cpp, line 766]
Event: 9.344 Thread 0x000001b947ff5bf0 Exception <a 'java/lang/NoSuchMethodError'{0x000000008c6e0550}: 'java.lang.Object java.lang.invoke.DirectMethodHandle$Holder.newInvokeSpecial(java.lang.Object, long)'> (0x000000008c6e0550) 
thrown [t:\workspace\open\src\hotspot\share\interpreter\linkResolver.cpp, line 766]
Event: 9.425 Thread 0x000001b947ff5bf0 Exception <a 'sun/nio/fs/WindowsException'{0x000000008c555860}> (0x000000008c555860) 
thrown [t:\workspace\open\src\hotspot\share\prims\jni.cpp, line 516]
Event: 9.425 Thread 0x000001b947ff5bf0 Exception <a 'java/lang/reflect/InvocationTargetException'{0x000000008c555e10}> (0x000000008c555e10) 
thrown [t:\workspace\open\src\hotspot\share\runtime\reflection.cpp, line 1121]

VM Operations (20 events):
Event: 7.615 Executing VM operation: ICBufferFull done
Event: 7.623 Executing VM operation: ICBufferFull
Event: 7.623 Executing VM operation: ICBufferFull done
Event: 7.636 Executing VM operation: HandshakeAllThreads
Event: 7.636 Executing VM operation: HandshakeAllThreads done
Event: 7.681 Executing VM operation: ICBufferFull
Event: 7.681 Executing VM operation: ICBufferFull done
Event: 7.879 Executing VM operation: G1CollectForAllocation
Event: 7.886 Executing VM operation: G1CollectForAllocation done
Event: 8.723 Executing VM operation: ICBufferFull
Event: 8.723 Executing VM operation: ICBufferFull done
Event: 8.938 Executing VM operation: HandshakeAllThreads
Event: 8.938 Executing VM operation: HandshakeAllThreads done
Event: 9.153 Executing VM operation: G1CollectForAllocation
Event: 9.168 Executing VM operation: G1CollectForAllocation done
Event: 9.299 Executing VM operation: HandshakeAllThreads
Event: 9.299 Executing VM operation: HandshakeAllThreads done
Event: 9.346 Executing VM operation: HandshakeAllThreads
Event: 9.346 Executing VM operation: HandshakeAllThreads done
Event: 9.436 Executing VM operation: G1CollectFull

Events (20 events):
Event: 9.345 loading class java/lang/Process$PipeInputStream done
Event: 9.346 loading class jdk/internal/event/ProcessStartEvent
Event: 9.346 loading class jdk/internal/event/Event
Event: 9.346 loading class jdk/internal/event/Event done
Event: 9.346 loading class jdk/internal/event/ProcessStartEvent done
Event: 9.349 Thread 0x000001b96a6ed400 Thread added: 0x000001b96a6ed400
Event: 9.349 Thread 0x000001b96a6eb250 Thread added: 0x000001b96a6eb250
Event: 9.349 Thread 0x000001b96a6ec0c0 Thread added: 0x000001b96a6ec0c0
Event: 9.410 loading class java/lang/Throwable$WrappedPrintWriter
Event: 9.410 loading class java/lang/Throwable$PrintStreamOrWriter
Event: 9.410 loading class java/lang/Throwable$PrintStreamOrWriter done
Event: 9.410 loading class java/lang/Throwable$WrappedPrintWriter done
Event: 9.412 Thread 0x000001b96a6eb250 Thread exited: 0x000001b96a6eb250
Event: 9.412 Thread 0x000001b96a6ec0c0 Thread exited: 0x000001b96a6ec0c0
Event: 9.413 Thread 0x000001b96a6ecf30 Thread exited: 0x000001b96a6ecf30
Event: 9.413 Thread 0x000001b96a6ed400 Thread exited: 0x000001b96a6ed400
Event: 9.418 Thread 0x000001b96a6ee270 Thread exited: 0x000001b96a6ee270
Event: 9.419 Thread 0x000001b969ee4c20 Thread exited: 0x000001b969ee4c20
Event: 9.425 loading class java/io/FileFilter
Event: 9.425 loading class java/io/FileFilter done


Dynamic libraries:
0x00007ff6dbcb0000 - 0x00007ff6dbcc0000 	C:\Program Files\Java\jdk-17.0.1\bin\java.exe
0x00007ffc7ac20000 - 0x00007ffc7ae29000 	C:\WINDOWS\SYSTEM32\ntdll.dll
0x00007ffc79e40000 - 0x00007ffc79efd000 	C:\WINDOWS\System32\KERNEL32.DLL
0x00007ffc781f0000 - 0x00007ffc78569000 	C:\WINDOWS\System32\KERNELBASE.dll
0x00007ffc78800000 - 0x00007ffc78911000 	C:\WINDOWS\System32\ucrtbase.dll
0x00007ffc5ffe0000 - 0x00007ffc5fffa000 	C:\Program Files\Java\jdk-17.0.1\bin\VCRUNTIME140.dll
0x00007ffc60180000 - 0x00007ffc60198000 	C:\Program Files\Java\jdk-17.0.1\bin\jli.dll
0x00007ffc78c70000 - 0x00007ffc78d1e000 	C:\WINDOWS\System32\ADVAPI32.dll
0x00007ffc79f00000 - 0x00007ffc79fa3000 	C:\WINDOWS\System32\msvcrt.dll
0x00007ffc7a9a0000 - 0x00007ffc7aa3e000 	C:\WINDOWS\System32\sechost.dll
0x00007ffc79620000 - 0x00007ffc79740000 	C:\WINDOWS\System32\RPCRT4.dll
0x00007ffc7a420000 - 0x00007ffc7a5cc000 	C:\WINDOWS\System32\USER32.dll
0x00007ffc78a80000 - 0x00007ffc78aa6000 	C:\WINDOWS\System32\win32u.dll
0x00007ffc7a5d0000 - 0x00007ffc7a5f9000 	C:\WINDOWS\System32\GDI32.dll
0x00007ffc6ac50000 - 0x00007ffc6aef5000 	C:\WINDOWS\WinSxS\amd64_microsoft.windows.common-controls_6595b64144ccf1df_6.0.22000.120_none_9d947278b86cc467\COMCTL32.dll
0x00007ffc78570000 - 0x00007ffc78682000 	C:\WINDOWS\System32\gdi32full.dll
0x00007ffc78920000 - 0x00007ffc789bd000 	C:\WINDOWS\System32\msvcp_win.dll
0x00007ffc6cf30000 - 0x00007ffc6cf3a000 	C:\WINDOWS\SYSTEM32\VERSION.dll
0x00007ffc7aa40000 - 0x00007ffc7aa71000 	C:\WINDOWS\System32\IMM32.DLL
0x00007ffc641c0000 - 0x00007ffc641cc000 	C:\Program Files\Java\jdk-17.0.1\bin\vcruntime140_1.dll
0x00007ffc47d70000 - 0x00007ffc47dfd000 	C:\Program Files\Java\jdk-17.0.1\bin\msvcp140.dll
0x00007ffc3cde0000 - 0x00007ffc3d99e000 	C:\Program Files\Java\jdk-17.0.1\bin\server\jvm.dll
0x00007ffc78c00000 - 0x00007ffc78c08000 	C:\WINDOWS\System32\PSAPI.DLL
0x00007ffc73750000 - 0x00007ffc73783000 	C:\WINDOWS\SYSTEM32\WINMM.dll
0x00007ffc53020000 - 0x00007ffc53029000 	C:\WINDOWS\SYSTEM32\WSOCK32.dll
0x00007ffc78b90000 - 0x00007ffc78bff000 	C:\WINDOWS\System32\WS2_32.dll
0x00007ffc771d0000 - 0x00007ffc771e8000 	C:\WINDOWS\SYSTEM32\kernel.appcore.dll
0x00007ffc63800000 - 0x00007ffc6380a000 	C:\Program Files\Java\jdk-17.0.1\bin\jimage.dll
0x00007ffc6f5a0000 - 0x00007ffc6f7c1000 	C:\WINDOWS\SYSTEM32\DBGHELP.DLL
0x00007ffc5f8b0000 - 0x00007ffc5f8e1000 	C:\WINDOWS\SYSTEM32\dbgcore.DLL
0x00007ffc78100000 - 0x00007ffc7817f000 	C:\WINDOWS\System32\bcryptPrimitives.dll
0x00007ffc738f0000 - 0x00007ffc738fe000 	C:\Program Files\Java\jdk-17.0.1\bin\instrument.dll
0x00007ffc5ffb0000 - 0x00007ffc5ffd5000 	C:\Program Files\Java\jdk-17.0.1\bin\java.dll
0x00007ffc3f960000 - 0x00007ffc3fa36000 	C:\Program Files\Java\jdk-17.0.1\bin\svml.dll
0x00007ffc78e60000 - 0x00007ffc79618000 	C:\WINDOWS\System32\SHELL32.dll
0x00007ffc76200000 - 0x00007ffc76a68000 	C:\WINDOWS\SYSTEM32\windows.storage.dll
0x00007ffc799f0000 - 0x00007ffc79d69000 	C:\WINDOWS\System32\combase.dll
0x00007ffc76090000 - 0x00007ffc761f6000 	C:\WINDOWS\SYSTEM32\wintypes.dll
0x00007ffc7a890000 - 0x00007ffc7a97a000 	C:\WINDOWS\System32\SHCORE.dll
0x00007ffc79de0000 - 0x00007ffc79e3d000 	C:\WINDOWS\System32\shlwapi.dll
0x00007ffc78030000 - 0x00007ffc78051000 	C:\WINDOWS\SYSTEM32\profapi.dll
0x00007ffc57f30000 - 0x00007ffc57f48000 	C:\Program Files\Java\jdk-17.0.1\bin\zip.dll
0x00007ffc5d370000 - 0x00007ffc5d389000 	C:\Program Files\Java\jdk-17.0.1\bin\net.dll
0x00007ffc74040000 - 0x00007ffc7414c000 	C:\WINDOWS\SYSTEM32\WINHTTP.dll
0x00007ffc776a0000 - 0x00007ffc77707000 	C:\WINDOWS\system32\mswsock.dll
0x00007ffc59010000 - 0x00007ffc59025000 	C:\Program Files\Java\jdk-17.0.1\bin\nio.dll
0x00007ffc62c30000 - 0x00007ffc62c4a000 	C:\Program Files\JetBrains\IntelliJ IDEA Community Edition 2022.1\bin\breakgen64.dll
0x00007ffc622c0000 - 0x00007ffc622d0000 	C:\Program Files\Java\jdk-17.0.1\bin\verify.dll
0x00007ffc738e0000 - 0x00007ffc738ea000 	C:\Users\Catoblepas\.m2\wrapper\dists\apache-maven-3.5.0-bin\6ps54u5pnnbbpr6ds9rppcc7iv\apache-maven-3.5.0\lib\jansi-native\windows64\jansi.dll
0x00007ffc778e0000 - 0x00007ffc778f8000 	C:\WINDOWS\SYSTEM32\CRYPTSP.dll
0x00007ffc77130000 - 0x00007ffc77165000 	C:\WINDOWS\system32\rsaenh.dll
0x00007ffc77790000 - 0x00007ffc777b9000 	C:\WINDOWS\SYSTEM32\USERENV.dll
0x00007ffc77a90000 - 0x00007ffc77ab7000 	C:\WINDOWS\SYSTEM32\bcrypt.dll
0x00007ffc77900000 - 0x00007ffc7790c000 	C:\WINDOWS\SYSTEM32\CRYPTBASE.dll
0x00007ffc76cc0000 - 0x00007ffc76ced000 	C:\WINDOWS\SYSTEM32\IPHLPAPI.DLL
0x00007ffc7a820000 - 0x00007ffc7a829000 	C:\WINDOWS\System32\NSI.dll
0x00007ffc74020000 - 0x00007ffc74039000 	C:\WINDOWS\SYSTEM32\dhcpcsvc6.DLL
0x00007ffc74280000 - 0x00007ffc7429e000 	C:\WINDOWS\SYSTEM32\dhcpcsvc.DLL
0x00007ffc76cf0000 - 0x00007ffc76dd8000 	C:\WINDOWS\SYSTEM32\DNSAPI.dll

dbghelp: loaded successfully - version: 4.0.5 - missing functions: none
symbol engine: initialized successfully - sym options: 0x614 - pdb path: .;C:\Program Files\Java\jdk-17.0.1\bin;C:\WINDOWS\SYSTEM32;C:\WINDOWS\WinSxS\amd64_microsoft.windows.common-controls_6595b64144ccf1df_6.0.22000.120_none_9d947278b86cc467;C:\Program Files\Java\jdk-17.0.1\bin\server;C:\Program Files\JetBrains\IntelliJ IDEA Community Edition 2022.1\bin;C:\Users\Catoblepas\.m2\wrapper\dists\apache-maven-3.5.0-bin\6ps54u5pnnbbpr6ds9rppcc7iv\apache-maven-3.5.0\lib\jansi-native\windows64

VM Arguments:
jvm_args: -Dmaven.multiModuleProjectDirectory=C:\load\Project\ethics-platform\spring -Dmaven.home=C:\Users\Catoblepas\.m2\wrapper\dists\apache-maven-3.5.0-bin\6ps54u5pnnbbpr6ds9rppcc7iv\apache-maven-3.5.0 -Dclassworlds.conf=C:\Users\Catoblepas\.m2\wrapper\dists\apache-maven-3.5.0-bin\6ps54u5pnnbbpr6ds9rppcc7iv\apache-maven-3.5.0\bin\m2.conf -Dmaven.ext.class.path=C:\Program Files\JetBrains\IntelliJ IDEA Community Edition 2022.1\plugins\maven\lib\maven-event-listener.jar -javaagent:C:\Program Files\JetBrains\IntelliJ IDEA Community Edition 2022.1\lib\idea_rt.jar=5581:C:\Program Files\JetBrains\IntelliJ IDEA Community Edition 2022.1\bin -Dfile.encoding=UTF-8 
java_command: org.codehaus.classworlds.Launcher -Didea.version=2022.1 install
java_class_path (initial): C:\Users\Catoblepas\.m2\wrapper\dists\apache-maven-3.5.0-bin\6ps54u5pnnbbpr6ds9rppcc7iv\apache-maven-3.5.0\boot\plexus-classworlds-2.5.2.jar
Launcher Type: SUN_STANDARD

[Global flags]
     intx CICompilerCount                          = 4                                         {product} {ergonomic}
     uint ConcGCThreads                            = 2                                         {product} {ergonomic}
     uint G1ConcRefinementThreads                  = 8                                         {product} {ergonomic}
   size_t G1HeapRegionSize                         = 1048576                                   {product} {ergonomic}
    uintx GCDrainStackTargetSize                   = 64                                        {product} {ergonomic}
   size_t InitialHeapSize                          = 134217728                                 {product} {ergonomic}
   size_t MarkStackSize                            = 4194304                                   {product} {ergonomic}
   size_t MaxHeapSize                              = 2126512128                                {product} {ergonomic}
   size_t MaxNewSize                               = 1275068416                                {product} {ergonomic}
   size_t MinHeapDeltaBytes                        = 1048576                                   {product} {ergonomic}
   size_t MinHeapSize                              = 8388608                                   {product} {ergonomic}
    uintx NonNMethodCodeHeapSize                   = 5839372                                {pd product} {ergonomic}
    uintx NonProfiledCodeHeapSize                  = 122909434                              {pd product} {ergonomic}
    uintx ProfiledCodeHeapSize                     = 122909434                              {pd product} {ergonomic}
    uintx ReservedCodeCacheSize                    = 251658240                              {pd product} {ergonomic}
     bool SegmentedCodeCache                       = true                                      {product} {ergonomic}
   size_t SoftMaxHeapSize                          = 2126512128                             {manageable} {ergonomic}
     bool UseCompressedClassPointers               = true                           {product lp64_product} {ergonomic}
     bool UseCompressedOops                        = true                           {product lp64_product} {ergonomic}
     bool UseG1GC                                  = true                                      {product} {ergonomic}
     bool UseLargePagesIndividualAllocation        = false                                  {pd product} {ergonomic}

Logging:
Log output configuration:
 #0: stdout all=warning uptime,level,tags
 #1: stderr all=off uptime,level,tags

Environment Variables:
JAVA_HOME=C:\Program Files\Java\jdk-17.0.1
CLASSPATH=C:\Program Files\Apache\apache-ant-1.10.12\lib;C:\Program Files\Java\jdk-17.0.1\lib\dt.jar;C:\Program Files\Java\jdk-17.0.1\lib\tools.jar;C:\Program Files\Apache\apache-maven-3.8.5\lib;C:\Program Files\Java\javafx-sdk-17.0.2\lib;C:\Program Files\Java\javafx-sdk-17.0.2\lib\javafx.graphics.jar;C:\Program Files\Java\javafx-sdk-17.0.2\lib\javafx.base.jar;C:\Program Files\Java\javafx-sdk-17.0.2\lib\javafx.fxml.jar;C:\Program Files\Java\javafx-sdk-17.0.2\lib\javafx.scene.jar;C:\Program Files\Java\javafx-sdk-17.0.2\lib\javafx.stage.jar;
PATH=C:\Program Files\Common Files\Oracle\Java\javapath;C:\ProgramData\Anaconda3;C:\ProgramData\Anaconda3\Library\mingw-w64\bin;C:\ProgramData\Anaconda3\Library\usr\bin;C:\ProgramData\Anaconda3\Library\bin;C:\ProgramData\Anaconda3\Scripts;C:\WINDOWS\system32;C:\WINDOWS;C:\WINDOWS\System32\Wbem;C:\WINDOWS\System32\WindowsPowerShell\v1.0\;C:\WINDOWS\System32\OpenSSH\;C:\Program Files\Microsoft SQL Server\130\Tools\Binn\;C:\Program Files\Microsoft VS Code\bin;C:\ProgramData\chocolatey\bin;C:\Program Files\PuTTY\;C:\Program Files\Pandoc\;C:\Program Files (x86)\IVI Foundation\VISA\WinNT\Bin\;C:\Program Files\IVI Foundation\VISA\Win64\Bin\;C:\Program Files (x86)\IVI Foundation\VISA\WinNT\Bin;C:\Program Files\Graphviz\bin;C:\Program Files\Java\jdk-17.0.1\bin;C:\msys64\home\Catoblepas\VS-Code-Java\apache-maven-3.8.4\bin;C:\Program Files\Git\cmd;C:\Program Files\MySQL\MySQL Server 8.0\bin;C:\Program Files\Apache\apache-ant-1.10.12\bin;C:\Program Files\Java\jdk-17.0.1\jre\bin;C:\Program Files\Java\javafx-sdk-17.0.2\bin;C:\Program Files\Apache\apache-maven-3.8.5\bin;C:\Program Files\ffmpeg\bin;C:\Program Files\nodejs\;C:\Users\Catoblepas\AppData\Roaming\npm;;C:\Program Files\Docker\Docker\resources\bin;C:\ProgramData\DockerDesktop\version-bin;C:\Program Files\MySQL\MySQL Shell 8.0\bin\;C:\Users\Catoblepas\AppData\Local\Microsoft\WindowsApps;C:\Program Files\Bandizip\;C:\Program Files\JetBrains\PyCharm Community Edition 2019.2.3\bin;C:\Program Files\JetBrains\PyCharm 2019.2.3\bin;C:\msys64\mingw64\bin;C:\cygwin64\bin;E:\Program Files\JetBrains\IntelliJ IDEA Community Edition 2020.3.2\bin;C:\msys64\usr\bin;C:\Users\Catoblepas\AppData\Local\Microsoft\WindowsApps;C:\Program Files\Java\jdk-15.0.2\bin;C:\Program Files\JetBrains\IntelliJ IDEA Community Edition 2022.1\bin;C:\Program Files\heroku\bin
USERNAME=Catoblepas
LD_LIBRARY_PATH=C:\msys64\mingw64\lib
OS=Windows_NT
PROCESSOR_IDENTIFIER=Intel64 Family 6 Model 142 Stepping 10, GenuineIntel



---------------  S Y S T E M  ---------------

OS:
 Windows 10 , 64 bit Build 22000 (10.0.22000.708)
OS uptime: 0 days 0:42 hours
Hyper-V role detected

CPU: total 8 (initial active 8) (4 cores per cpu, 2 threads per core) family 6 model 142 stepping 10 microcode 0xec, cx8, cmov, fxsr, ht, mmx, 3dnowpref, sse, sse2, sse3, ssse3, sse4.1, sse4.2, popcnt, lzcnt, tsc, tscinvbit, avx, avx2, aes, erms, clmul, bmi1, bmi2, adx, fma, vzeroupper, clflush, clflushopt, hv

Memory: 4k page, system-wide physical 8108M (1243M free)
TotalPageFile size 11308M (AvailPageFile size 6M)
current process WorkingSet (physical memory assigned to process): 406M, peak: 409M
current process commit charge ("private bytes"): 450M, peak: 453M

vm_info: Java HotSpot(TM) 64-Bit Server VM (17.0.1+12-LTS-39) for windows-amd64 JRE (17.0.1+12-LTS-39), built on Sep 27 2021 18:41:35 by "mach5one" with MS VC++ 16.8 (VS2019)

END.
