#
# There is insufficient memory for the Java Runtime Environment to continue.
# Native memory allocation (mmap) failed to map 134217728 bytes for G1 virtual space
# Possible reasons:
#   The system is out of physical RAM or swap space
#   The process is running with CompressedOops enabled, and the Java Heap may be blocking the growth of the native heap
# Possible solutions:
#   Reduce memory load on the system
#   Increase physical memory or swap space
#   Check if swap backing store is full
#   Decrease Java heap size (-Xmx/-Xms)
#   Decrease number of Java threads
#   Decrease Java thread stack sizes (-Xss)
#   Set larger code cache with -XX:ReservedCodeCacheSize=
#   JVM is running with Unscaled Compressed Oops mode in which the Java heap is
#     placed in the first 4GB address space. The Java Heap base address is the
#     maximum limit for the native heap growth. Please use -XX:HeapBaseMinAddress
#     to set the Java Heap base and to place the Java Heap above 4GB virtual address.
# This output file may be truncated or incomplete.
#
#  Out of Memory Error (os_windows.cpp:3469), pid=4940, tid=16156
#
# JRE version:  (17.0.1+12) (build )
# Java VM: Java HotSpot(TM) 64-Bit Server VM (17.0.1+12-LTS-39, mixed mode, sharing, tiered, compressed oops, compressed class ptrs, g1 gc, windows-amd64)
# No core dump will be written. Minidumps are not enabled by default on client versions of Windows
#

---------------  S U M M A R Y ------------

Command Line: C:\Users\CATOBL~1\AppData\Local\Temp\surefire12979575036059931318\surefirebooter12932497695374069827.jar C:\Users\Catoblepas\AppData\Local\Temp\surefire12979575036059931318 2022-07-03T00-21-40_576-jvmRun1 surefire8826606593705434506tmp surefire_015243207950664176248tmp

Host: Intel(R) Core(TM) i5-8250U CPU @ 1.60GHz, 8 cores, 7G,  Windows 10 , 64 bit Build 22000 (10.0.22000.708)
Time: Sun Jul  3 00:21:41 2022 Romance Daylight Time elapsed time: 0.026979 seconds (0d 0h 0m 0s)

---------------  T H R E A D  ---------------

Current thread (0x00000293106fbfe0):  JavaThread "Unknown thread" [_thread_in_vm, id=16156, stack(0x000000bd3cf00000,0x000000bd3d000000)]

Stack: [0x000000bd3cf00000,0x000000bd3d000000]
Native frames: (J=compiled Java code, j=interpreted, Vv=VM code, C=native code)
V  [jvm.dll+0x66fa1a]
V  [jvm.dll+0x7ce5a4]
V  [jvm.dll+0x7cfd4e]
V  [jvm.dll+0x7d03b3]
V  [jvm.dll+0x242b05]
V  [jvm.dll+0x66ca39]
V  [jvm.dll+0x661502]
V  [jvm.dll+0x30081b]
V  [jvm.dll+0x307da6]
V  [jvm.dll+0x357a1e]
V  [jvm.dll+0x357c4f]
V  [jvm.dll+0x2d7ad8]
V  [jvm.dll+0x2d8a44]
V  [jvm.dll+0x7a01e1]
V  [jvm.dll+0x365791]
V  [jvm.dll+0x77f6cc]
V  [jvm.dll+0x3e812f]
V  [jvm.dll+0x3e9bd1]
C  [jli.dll+0x527b]
C  [ucrtbase.dll+0x26c0c]
C  [KERNEL32.DLL+0x154e0]
C  [ntdll.dll+0x485b]


---------------  P R O C E S S  ---------------

Threads class SMR info:
_java_thread_list=0x00007ffc3d877818, length=0, elements={
}

Java Threads: ( => current thread )

Other Threads:
  0x0000029310762380 GCTaskThread "GC Thread#0" [stack: 0x000000bd3d000000,0x000000bd3d100000] [id=11584]
  0x0000029310775050 ConcurrentGCThread "G1 Main Marker" [stack: 0x000000bd3d100000,0x000000bd3d200000] [id=3432]
  0x0000029310775a60 ConcurrentGCThread "G1 Conc#0" [stack: 0x000000bd3d200000,0x000000bd3d300000] [id=10260]

[error occurred during error reporting (printing all threads), id 0xc0000005, EXCEPTION_ACCESS_VIOLATION (0xc0000005) at pc=0x00007ffc3d0c84b7]

VM state: not at safepoint (not fully initialized)

VM Mutex/Monitor currently owned by a thread:  ([mutex/lock_event])
[0x0000029310723340] Heap_lock - owner thread: 0x00000293106fbfe0

Heap address: 0x0000000081400000, size: 2028 MB, Compressed Oops mode: 32-bit

CDS archive(s) mapped at: [0x0000000000000000-0x0000000000000000-0x0000000000000000), size 0, SharedBaseAddress: 0x0000000800000000, ArchiveRelocationMode: 0.
Narrow klass base: 0x0000000000000000, Narrow klass shift: 0, Narrow klass range: 0x0

GC Precious Log:
<Empty>

Heap:
 garbage-first heap   total 0K, used 0K [0x0000000081400000, 0x0000000100000000)
  region size 1024K, 0 young (0K), 0 survivors (0K)

[error occurred during error reporting (printing heap information), id 0xc0000005, EXCEPTION_ACCESS_VIOLATION (0xc0000005) at pc=0x00007ffc3d4a8d89]

GC Heap History (0 events):
No events

Deoptimization events (0 events):
No events

Classes unloaded (0 events):
No events

Classes redefined (0 events):
No events

Internal exceptions (0 events):
No events

VM Operations (0 events):
No events

Events (1 events):
Event: 0.016 Loaded shared library C:\Program Files\Java\jdk-17.0.1\bin\java.dll


Dynamic libraries:
0x00007ff6dbcb0000 - 0x00007ff6dbcc0000 	C:\Program Files\Java\jdk-17.0.1\bin\java.exe
0x00007ffc7ac20000 - 0x00007ffc7ae29000 	C:\WINDOWS\SYSTEM32\ntdll.dll
0x00007ffc79e40000 - 0x00007ffc79efd000 	C:\WINDOWS\System32\KERNEL32.DLL
0x00007ffc781f0000 - 0x00007ffc78569000 	C:\WINDOWS\System32\KERNELBASE.dll
0x00007ffc78800000 - 0x00007ffc78911000 	C:\WINDOWS\System32\ucrtbase.dll
0x00007ffc60180000 - 0x00007ffc60198000 	C:\Program Files\Java\jdk-17.0.1\bin\jli.dll
0x00007ffc5ffe0000 - 0x00007ffc5fffa000 	C:\Program Files\Java\jdk-17.0.1\bin\VCRUNTIME140.dll
0x00007ffc78c70000 - 0x00007ffc78d1e000 	C:\WINDOWS\System32\ADVAPI32.dll
0x00007ffc79f00000 - 0x00007ffc79fa3000 	C:\WINDOWS\System32\msvcrt.dll
0x00007ffc7a9a0000 - 0x00007ffc7aa3e000 	C:\WINDOWS\System32\sechost.dll
0x00007ffc79620000 - 0x00007ffc79740000 	C:\WINDOWS\System32\RPCRT4.dll
0x00007ffc7a420000 - 0x00007ffc7a5cc000 	C:\WINDOWS\System32\USER32.dll
0x00007ffc78a80000 - 0x00007ffc78aa6000 	C:\WINDOWS\System32\win32u.dll
0x00007ffc6ac50000 - 0x00007ffc6aef5000 	C:\WINDOWS\WinSxS\amd64_microsoft.windows.common-controls_6595b64144ccf1df_6.0.22000.120_none_9d947278b86cc467\COMCTL32.dll
0x00007ffc7a5d0000 - 0x00007ffc7a5f9000 	C:\WINDOWS\System32\GDI32.dll
0x00007ffc78570000 - 0x00007ffc78682000 	C:\WINDOWS\System32\gdi32full.dll
0x00007ffc78920000 - 0x00007ffc789bd000 	C:\WINDOWS\System32\msvcp_win.dll
0x00007ffc6cf30000 - 0x00007ffc6cf3a000 	C:\WINDOWS\SYSTEM32\VERSION.dll
0x00007ffc7aa40000 - 0x00007ffc7aa71000 	C:\WINDOWS\System32\IMM32.DLL
0x00007ffc641c0000 - 0x00007ffc641cc000 	C:\Program Files\Java\jdk-17.0.1\bin\vcruntime140_1.dll
0x00007ffc47d70000 - 0x00007ffc47dfd000 	C:\Program Files\Java\jdk-17.0.1\bin\msvcp140.dll
0x00007ffc3cde0000 - 0x00007ffc3d99e000 	C:\Program Files\Java\jdk-17.0.1\bin\server\jvm.dll
0x00007ffc78c00000 - 0x00007ffc78c08000 	C:\WINDOWS\System32\PSAPI.DLL
0x00007ffc53020000 - 0x00007ffc53029000 	C:\WINDOWS\SYSTEM32\WSOCK32.dll
0x00007ffc73750000 - 0x00007ffc73783000 	C:\WINDOWS\SYSTEM32\WINMM.dll
0x00007ffc78b90000 - 0x00007ffc78bff000 	C:\WINDOWS\System32\WS2_32.dll
0x00007ffc771d0000 - 0x00007ffc771e8000 	C:\WINDOWS\SYSTEM32\kernel.appcore.dll
0x00007ffc63800000 - 0x00007ffc6380a000 	C:\Program Files\Java\jdk-17.0.1\bin\jimage.dll
0x00007ffc6f5a0000 - 0x00007ffc6f7c1000 	C:\WINDOWS\SYSTEM32\DBGHELP.DLL
0x00007ffc5f8b0000 - 0x00007ffc5f8e1000 	C:\WINDOWS\SYSTEM32\dbgcore.DLL
0x00007ffc78100000 - 0x00007ffc7817f000 	C:\WINDOWS\System32\bcryptPrimitives.dll
0x00007ffc5ffb0000 - 0x00007ffc5ffd5000 	C:\Program Files\Java\jdk-17.0.1\bin\java.dll

dbghelp: loaded successfully - version: 4.0.5 - missing functions: none
symbol engine: initialized successfully - sym options: 0x614 - pdb path: .;C:\Program Files\Java\jdk-17.0.1\bin;C:\WINDOWS\SYSTEM32;C:\WINDOWS\WinSxS\amd64_microsoft.windows.common-controls_6595b64144ccf1df_6.0.22000.120_none_9d947278b86cc467;C:\Program Files\Java\jdk-17.0.1\bin\server

VM Arguments:
java_command: C:\Users\CATOBL~1\AppData\Local\Temp\surefire12979575036059931318\surefirebooter12932497695374069827.jar C:\Users\Catoblepas\AppData\Local\Temp\surefire12979575036059931318 2022-07-03T00-21-40_576-jvmRun1 surefire8826606593705434506tmp surefire_015243207950664176248tmp
java_class_path (initial): C:\Users\CATOBL~1\AppData\Local\Temp\surefire12979575036059931318\surefirebooter12932497695374069827.jar
Launcher Type: SUN_STANDARD

[Global flags]
     intx CICompilerCount                          = 4                                         {product} {ergonomic}
     uint ConcGCThreads                            = 2                                         {product} {ergonomic}
     uint G1ConcRefinementThreads                  = 8                                         {product} {ergonomic}
   size_t G1HeapRegionSize                         = 1048576                                   {product} {ergonomic}
    uintx GCDrainStackTargetSize                   = 64                                        {product} {ergonomic}
   size_t InitialHeapSize                          = 134217728                                 {product} {ergonomic}
   size_t MarkStackSize                            = 4194304                                   {product} {ergonomic}
   size_t MaxHeapSize                              = 2126512128                                {product} {ergonomic}
   size_t MinHeapDeltaBytes                        = 1048576                                   {product} {ergonomic}
   size_t MinHeapSize                              = 8388608                                   {product} {ergonomic}
    uintx NonNMethodCodeHeapSize                   = 5839372                                {pd product} {ergonomic}
    uintx NonProfiledCodeHeapSize                  = 122909434                              {pd product} {ergonomic}
    uintx ProfiledCodeHeapSize                     = 122909434                              {pd product} {ergonomic}
    uintx ReservedCodeCacheSize                    = 251658240                              {pd product} {ergonomic}
     bool SegmentedCodeCache                       = true                                      {product} {ergonomic}
   size_t SoftMaxHeapSize                          = 2126512128                             {manageable} {ergonomic}
     bool UseCompressedClassPointers               = true                           {product lp64_product} {ergonomic}
     bool UseCompressedOops                        = true                           {product lp64_product} {ergonomic}
     bool UseG1GC                                  = true                                      {product} {ergonomic}
     bool UseLargePagesIndividualAllocation        = false                                  {pd product} {ergonomic}

Logging:
Log output configuration:
 #0: stdout all=warning uptime,level,tags
 #1: stderr all=off uptime,level,tags

Environment Variables:
JAVA_HOME=C:\Program Files\Java\jdk-17.0.1
CLASSPATH=C:\Program Files\Apache\apache-ant-1.10.12\lib;C:\Program Files\Java\jdk-17.0.1\lib\dt.jar;C:\Program Files\Java\jdk-17.0.1\lib\tools.jar;C:\Program Files\Apache\apache-maven-3.8.5\lib;C:\Program Files\Java\javafx-sdk-17.0.2\lib;C:\Program Files\Java\javafx-sdk-17.0.2\lib\javafx.graphics.jar;C:\Program Files\Java\javafx-sdk-17.0.2\lib\javafx.base.jar;C:\Program Files\Java\javafx-sdk-17.0.2\lib\javafx.fxml.jar;C:\Program Files\Java\javafx-sdk-17.0.2\lib\javafx.scene.jar;C:\Program Files\Java\javafx-sdk-17.0.2\lib\javafx.stage.jar;
PATH=C:\Program Files\Common Files\Oracle\Java\javapath;C:\ProgramData\Anaconda3;C:\ProgramData\Anaconda3\Library\mingw-w64\bin;C:\ProgramData\Anaconda3\Library\usr\bin;C:\ProgramData\Anaconda3\Library\bin;C:\ProgramData\Anaconda3\Scripts;C:\WINDOWS\system32;C:\WINDOWS;C:\WINDOWS\System32\Wbem;C:\WINDOWS\System32\WindowsPowerShell\v1.0\;C:\WINDOWS\System32\OpenSSH\;C:\Program Files\Microsoft SQL Server\130\Tools\Binn\;C:\Program Files\Microsoft VS Code\bin;C:\ProgramData\chocolatey\bin;C:\Program Files\PuTTY\;C:\Program Files\Pandoc\;C:\Program Files (x86)\IVI Foundation\VISA\WinNT\Bin\;C:\Program Files\IVI Foundation\VISA\Win64\Bin\;C:\Program Files (x86)\IVI Foundation\VISA\WinNT\Bin;C:\Program Files\Graphviz\bin;C:\Program Files\Java\jdk-17.0.1\bin;C:\msys64\home\Catoblepas\VS-Code-Java\apache-maven-3.8.4\bin;C:\Program Files\Git\cmd;C:\Program Files\MySQL\MySQL Server 8.0\bin;C:\Program Files\Apache\apache-ant-1.10.12\bin;C:\Program Files\Java\jdk-17.0.1\jre\bin;C:\Program Files\Java\javafx-sdk-17.0.2\bin;C:\Program Files\Apache\apache-maven-3.8.5\bin;C:\Program Files\ffmpeg\bin;C:\Program Files\nodejs\;C:\Users\Catoblepas\AppData\Roaming\npm;;C:\Program Files\Docker\Docker\resources\bin;C:\ProgramData\DockerDesktop\version-bin;C:\Program Files\MySQL\MySQL Shell 8.0\bin\;C:\Users\Catoblepas\AppData\Local\Microsoft\WindowsApps;C:\Program Files\Bandizip\;C:\Program Files\JetBrains\PyCharm Community Edition 2019.2.3\bin;C:\Program Files\JetBrains\PyCharm 2019.2.3\bin;C:\msys64\mingw64\bin;C:\cygwin64\bin;E:\Program Files\JetBrains\IntelliJ IDEA Community Edition 2020.3.2\bin;C:\msys64\usr\bin;C:\Users\Catoblepas\AppData\Local\Microsoft\WindowsApps;C:\Program Files\Java\jdk-15.0.2\bin;C:\Program Files\JetBrains\IntelliJ IDEA Community Edition 2022.1\bin;C:\Program Files\heroku\bin
USERNAME=Catoblepas
LD_LIBRARY_PATH=C:\msys64\mingw64\lib
OS=Windows_NT
PROCESSOR_IDENTIFIER=Intel64 Family 6 Model 142 Stepping 10, GenuineIntel



---------------  S Y S T E M  ---------------

OS:
 Windows 10 , 64 bit Build 22000 (10.0.22000.708)
OS uptime: 0 days 0:42 hours
Hyper-V role detected

CPU: total 8 (initial active 8) (4 cores per cpu, 2 threads per core) family 6 model 142 stepping 10 microcode 0xec, cx8, cmov, fxsr, ht, mmx, 3dnowpref, sse, sse2, sse3, ssse3, sse4.1, sse4.2, popcnt, lzcnt, tsc, tscinvbit, avx, avx2, aes, erms, clmul, bmi1, bmi2, adx, fma, vzeroupper, clflush, clflushopt, hv

Memory: 4k page, system-wide physical 8108M (225M free)
TotalPageFile size 11308M (AvailPageFile size 60M)
current process WorkingSet (physical memory assigned to process): 10M, peak: 10M
current process commit charge ("private bytes"): 60M, peak: 188M

vm_info: Java HotSpot(TM) 64-Bit Server VM (17.0.1+12-LTS-39) for windows-amd64 JRE (17.0.1+12-LTS-39), built on Sep 27 2021 18:41:35 by "mach5one" with MS VC++ 16.8 (VS2019)

END.
